[  0000000 Iitalizing cgroup subsys cpuset
[    0.000000] Initializing cgroup subsys cpu
[    0.000000] Initializing cgroup subsys cpuacct
[    0.000000] Linux version 4.4.0-109-generic(buildd@lgw01-amd64-038) (gcc version 5.4.0 20160609 (Ubuntu 5.4.0-6ubuntu1~16.04.5) ) #132-Ubuntu SMP Tue Jan 9 19:52:39 UTC 2018 (Ubuntu 4.4.0-109.132-generic 4.4.98)
[    0.000000] Command line: BOOT_IMAGE=/boot/vmlinuz-4.4.0-109-generic root=LABEL=cloudimg-rootfs ro console=tty1 console=ttyS0
[    0.000000] KERNEL supported cpus:
[    0.000000]   Intel GenuineIntel
[    0.000000]   AMD AuthenticAMD
[    0.000000]   Centaur CentaurHauls
[    0.000000] x86/fpu: xstate_offset[2]:  576, xstate_sizes[2]:  256
[    0.000000] x86/fpu: Supporting XSAVE feature 0x01: 'x87 floating point registers'
[    0.000000] x86/fpu: Supporting XSAVE feature 0x02: 'SSE registes'
[    0.000000] x86/fpu: Supporting XSAVE feature 0x04: 'AVX registers'
[    0.0000 x6/fpu:Enle xstate features 0x7, context size is 832 bytes, using 'standard' format.
[    0.000000] x86/fpu: Using 'lazy' FPU context switches.
[    0.000000] e820: BIOS-provided physical RAM map:
[    0.000000] BIOS-e820: [mem 0x0000000000000000-0x000000000009fbff] usable
[    0.000000] BIOS-e820: [mem 0x000000000009fc00-0x000000000009ffff] reserved
[    0.000000] BIOS-e820: [mem 0x00000000000f0000-0x00000000000fffff] reserved
[    0.000000] BIOS-e820: [mem 0x0000000000100000-0x000000003ffeffff] uabe[    00000] BIOS-e820: [me 0000000ff00000x000003ffff ACPI da
    0.000]BIOS-e0:[mem 000000fec00-00000000fecfff] resve
[    0000] BIOS82 [em 0x0000000fee00000-0x00000000fee00fff] reserved
[    0.000000] BIOS-e820: [mem 0x00000000fffc0000-0x00000000ffffffff] reserved
[    0.000000] NX (Execute Disable) protection: active
[    0.000000] SMBIOS 2.5 present.
[    0.000000] Hypervisor detected: KVM
[    0.000000] e820: last_pfn = 0x3fff0 max_arch_pfn = 0x400000000
[    0.000000] MTRR: Disabled
[    0.000000] x86/PAT: MTRRs disabled, skipping PAT initialization too.
[    0.000000] CPU MTRRs all blank - virtualized system.
[   0000000] x86/PAT: Configuration [0-7]: WB  WT  UC- UC  WB  WT  UC- UC  
[    0.000000] found SMP MP-table at [mem 0x0009fff0-0x0009ffff] mapped at [ffff88000009fff0]
[    0.000000] Scanning 1 areas for low memory corruption
[    0.000000] RAMDISK: [mem 0x36adc000-0x37565fff]
[    0.000000] ACPI: Early table checksum verification disabled
[    0.000000] ACPI: RSDP 0x00000000000E0000 000024 (v02 VBOX  )
[    0.000000] ACPI: XSDT 0x000000003FFF0030 00003C (v01 VBOX   VBOXXSDT 00000001 ASL  00000061)
[    0.000000] ACPI: FACP 0x000000003FFF00F0 0000F4 (v04 VBOX   VBOXFACP 00000001 ASL  000061)
[    0.000000] ACPI: DSDT 0x000000003FFF0470 0021FF (v02 VBOX   VBOXBIOS 00000002 INTL 20160930)
[    0.000000] ACPI: FACS 0x000000003FFF0200 000040
[    0.000000] ACPI: FACS 0x000000003FFF0200 000040
[    0.000000] ACPI: APIC 0x000000003FFF0240 00005C (v02 VBOX   VBOXAPIC 00000001 ASL  00000061)
[    0.000000] ACPI: SSDT 0x000000003FFF02A0 0001CC (v01 VBOX   VBOXCPUT 00000002 INTL 20160930)
[    0.000000] No NUMA configuration found
[    0.000000] Faking a node at [mem 0x0000000000000000-0x000000003ffeffff]
[    0.000000] NODE_DATA(0) allocated [mem 0x3ffeb000-0x3ffeffff]
[    0.000000] kvm-clock: Using msrs 4b564d01 and 4b564d00
[    0.000000] kvm-clock: cpu 0, msr 0:3ffe3001, primary cpu clock
[    0.000000] kvm-clock: using sched offset of 3043053676 cycles
[    0.000000] clocksource: kvm-clock: mask: 0xffffffffffffffff max_cycles: 0x1cd42e4dffb, max_idle_ns: 881590591483 ns
[    0.000000] Zone ranges:
[    0.000000]   DMA      [mem 0x0000000000001000-0x0000000000ffffff]
[    0.000000]   DMA32    [mem 0x0000000001000000-0x000000003ffeffff]
[    0.000000]   Normal   empty
[    0.000000]   Device   empty
[    0.000000] Movable zone start for each node
[    0.000000] Early memory node ranges
[    0.000000]   node   0: [mem 0x0000000000001000-0x000000000009efff]
[    0.000000]   node   0: [mem 0x0000000000100000-0x000000003ffeffff]
[    0.000000] Intm setup node 0 [mem 0x0000000000001000-0x000000003ffeffff]
[    0.000000] ACPI: PM-Timer IO Port: 0x4008
[    0.000000] IOAPIC[0]: apic_id 2, version 32, address 0xfec00000, GSI 0-23
[    0.000000] ACPI: INT_SRC_OVR (bus 0 bus_irq 0 global_irq 2 dfl dfl)
[    0.000000] ACPI: INT_SRC_OVR (bus 0 bus_irq 9 global_irq 9 low level)
[    0.000000] Using ACPI (MADT) for SMP configuration information
[    0.000000] smpboot: Allowing 2 CPUs, 0 hotplug CPUs
[    0.000000] PM: Registered nosave memory: [mem 0x00000000-0x00000fff]
[    0.000000] PM: Registered nosave memory: [mem 0x0009f000-0x0009ffff]
[    0.000000] PM: Registered nosave memory: [mem 0x000a0000-0x000effff]
[    0.000000] PM: Registered nosave memory: [mem 0x000f0000-0x000fffff]
[    0.000000] e820: [mem 0x40000000-0xfebfffff] available for PCI devices
[    0.000000] Booting paravirtualized kernel on KVM
[    0.000000] clocksource: refined-jiffies: mask: 0xffffffff max_cycles: 0xffffffff, max_idle_ns: 7645519600211568 ns
[    0.000000] setup_percpu: NR_CPUS:512 nr_cpumask_bits:512 nr_cpu_ids:2 nr_node_ids:1
[    0.000000] PERCPU: Embedded 34 pages/cpu @ffff88003fc00000 s99544 r8192 d31528 u1048576
[    0.000000] PV qspinlock hash table entries: 256 (order: 0, 4096 bytes)
[    0.000000] Built 1 zonelists in Node order, mobility grouping on.  Total pages: 257913
[    0.00000 Polic zne: DMA32
[    0.000000] Kernel command line: BOOT_IMAGE=/boot/vmlinuz-4.4.0-109-generic root=LABEL=cloudimg-rootfs ro console=tty1 console=ttyS0
[    0.000000] PID hash table entries: 4096 (order: 3, 32768 bytes)
[    0.000000] Memory: 1001740K/1048120Kavilable(885kernel cod, 130K rwdata, 3988K rodata, 1508K init, 1316K bss, 46380K reserved, 0K cma-reserved)
[    0.000000] SLUB: HWalign=64, Order=0-3, MinObjects=0, CPUs=2, Nodes=1
[    0.000000] Kernel/User page tables isolation: enabled
[    0.000000] Hierarchical RCU implementation.
[    0.000000] 	Build-time adjustment of leaf fanout to 64.
[    0.000000] 	RCU restricting CPUs from NR_CPUS=512 to nr_cpu_ids=2.
[    0.000000] RCU: Adjusting geometry for rcu_fanout_leaf=64, nr_cpu_ids=2
[    0.000000] NR_IRQS:33024 nr_irqs:440 16
[    0.000000] Console: colour VGA+ 80x25
[    0.000000] console [tty1] enabled
[    0.000000] console [ttyS0] enabled
[    0.000000] tsc: Detected 2807.920 MHz processor
[    1.546505] Calibrating delay loop (skipped) preset value.. 5615.84 BogoMIPS (lpj=11231680)
[    1.548028] pid_max: default: 32768 minimum: 301
[    1.548698] ACPI: Core revision 20150930
[    1.550264] ACPI: 2 ACPI AML tables successfully acquired and loaded
[    1.643266] Security Framework initialized
[    1.643933] Yama: becoming mindful.
[    1.644531] AppArmor: AppArmor initialized
[    1.645237] Dentry cache hash table entries: 131072 (order: 8, 1048576 bytes)
[    1.646867] Inode-cache hash table entries: 65536 (order: 7, 524288 bytes)
[    1.727591] Mount-cache hash table entries: 2048 (order: 2, 16384 bytes)
[    1.728560] Mountpoint-cache hash table entries: 2048 (order: 2, 16384 bytes)
[    1.729790] Initializing cgroup subsys io
[    1.730462] Initializing cgroup subsys memory
[    1.731199] Initializing cgroup subsys devices
[    1.756166] Initializing cgroup subsys freezer
[    1.757376] Initializing cgroup subsys net_cls
[    1.758124] Initializing cgroup subsys perf_event
[    1.758851] Initializing cgroup subsys net_prio
[    1.759567] Initializing cgroup subsys hugetlb
[    1.760302] Initializing cgroup subsys pids
[    1.761060] CPU: Physical Processor ID: 0
[    1.761738] CPU: Processor Core ID: 0
[    1.764012] mce: CPU supports 0 MCE banks
[    1.764663] Last level iTLB entries: 4KB 64, 2MB 8, 4MB 8
[    1.765444] Last level dTLB entries: 4KB 64, 2MB 0, 4MB 0, 1GB 4
[    1.768082] Freeing SMP alternatives memory: 32K
[    1.853368] ftrace: allocating 32171 entries in 126 pages
[    1.977576] smpboot: APIC(0) Converting physical 0 to logical package 0
[    2.087282] smpboot: Max logical packages: 1
[    2.174120] x2apic enabled
[    2.229986] Switched APIC routing to physical x2apic.
[    2.278871] ..TIMER: vector=0x30 apic1=0 pin1=2 apic2=-1 pin2=-1
[    2.489560] smpboot: CPU0: Intel(R) Core(TM) i7-6600U CPU @ 2.60GHz (family: 0x6, model: 0x4e, stepping: 0x3)
[    2.588147] Performance Events: unsupported p6 CPU model 78 no PMU driver, software events only.
[    2.589705] KVM setup paravirtual spinlock
[    2.591052] x86: Booting SMP configuration:
[    2.591797] .... node  #0, CPUs:      #1
[    2.616141] kvm-clock: cpu 1, msr 0:3ffe3041, secondary cpu clock
[    2.618440] mce: CPU supports 0 MCE banks
[    2.623819] x86: Booted up 1 node, 2 CPUs
[    2.624616] smpboot: Total of 2 processors activated (11231.68 BogoMIPS)
[    2.625889] devtmpfs: initialized
[    2.628190] evm: security.selinux
[    2.629941] evm: security.SMACK64
[    2.630507] evm: security.SMACK64EXEC
[    2.631124] evm: security.SMACK64TRANSMUTE
[    2.631792] evm: security.SMACK64MMAP
[    2.632402] evm: security.ima
[    2.632928] evm: security.capability
[    2.633655] clocksource: jiffies: mask: 0xffffffff max_cycles: 0xffffffff, max_idle_ns: 7645041785100000 ns
[    2.635251] futex hash table entries: 512 (order: 3, 32768 bytes)
[    2.636353] pinctrl core: initialized pinctrl subsystem
[    2.637256] RTC time: 16:39:25, date: 01/18/18
[    2.638155] NET: Registered protocol family 16
[    2.649817] cpuidle: using governor ladder
[    2.689485] cpuidle: using governor menu
[    2.711498] PCCT header not found.
[    2.712281] ACPI: bus type PCI registered
[    2.713032] acpiphp: ACPI Hot Plug PCI Controller Driver version: 0.5
[    2.714203] PCI: Using configuration type 1 for base access
[    2.727475] ACPI: Added _OSI(Module Device)
[    2.733512] ACPI: Added _OSI(Processor Device)
[    2.734393] ACPI: Added _OSI(3.0 _SCP Extensions)
[    2.791418] ACPI: Added _OSI(Processor Aggregator Device)
[    2.798270] ACPI: Executed 1 blocks of module-level executable AML code
[    2.801108] ACPI: Interpreter enabled
[    2.836285] ACPI: (supports S0 S5)
[    2.843374] ACPI: Using IOAPIC for interrupt routing
[    2.844378] PCI: Using host bridge windows from ACPI; if necessary, use "pci=nocrs" and report a bug
[    2.848881] ACPI: PCI Root Bridge [PCI0] (domain 0000 [bus 00-ff])
[    2.857983] acpi PNP0A03:00: _OSC: OS supports [ASPM ClockPM Segments MSI]
[    2.859017] acpi PNP0A03:00: _OSC: not requesting OS control; OS requires [ExtendedConfig ASPM ClockPM MSI]
[    2.860537] acpi PNP0A03:00: fail to add MMCONFIG information, can't access extended PCI configuration space under this bridge.
[    2.862439] PCI host bridge to bus 0000:00
[    2.863121] pci_bus 0000:00: root bus resource [io  0x0000-0x0cf7 window]
[    2.864153] pci_bus 0000:00: root bus resource [io  0x0d00-0xffff window]
[    2.891149] pci_bus 0000:00: root bus resource [mem 0x000a0000-0x000bffff window]
[    2.892437] pci_bus 0000:00: root bus resource [mem 0x40000000-0xfdffffff window]
[    2.898893] pci_bus 0000:00: root bus resource [bus 00-ff]
[    2.901286] pci 0000:00:01.1: legacy IDE quirk: reg 0x10: [io  0x01f0-0x01f7]
[    2.959826] pci 0000:00:01.1: legacy IDE quirk: reg 0x14: [io  0x03f6]
[    2.961780] pci 0000:00:01.1: legacy IDE quirk: reg 0x18: [io  0x0170-0x0177]
[    2.962773] pci 0000:00:01.1: legacy IDE quirk: reg 0x1c: [io  0x0376]
[    2.977050] pci 0000:00:07.0: quirk: [io  0x4000-0x403f] claimed by PIIX4 ACPI
[    2.988959] pci 0000:00:07.0: quirk: [io  0x4100-0x410f] claimed by PIIX4 SMB
[    3.038540] ACPI: PCI Interrupt Link [LNKA] (IRQs 5 9 10 *11)
[    3.078208] ACPI: PCI Interrupt Link [LNKB] (IRQs 5 9 *10 11)
[    3.079433] ACPI: PCI Interrupt Link [LNKC] (IRQs 5 *9 10 11)
[    3.080724] ACPI: PCI Interrupt Link [LNKD] (IRQs 5 9 10 *11)
[    3.082144] ACPI: Enabled 2 GPEs in block 00 to 07
[    3.083331] vgaarb: setting as boot device: PCI:0000:00:02.0
[    3.102069] vgaarb: device added: PCI:0000:00:02.0,decodes=io+mem,owns=io+mem,locks=none
[    3.103489] vgaarb: loaded
[    3.104020] vgaarb: bridge control possible 0000:00:02.0
[    3.105151] SCSI subsystem initialized
[    3.111141] ACPI: bus type USB registered
[    3.111853] usbcore: registered new interface driver usbfs
[    3.112785] usbcore: registered new interface driver hub
[    3.113628] usbcore: registered new device driver usb
[    3.115148] PCI: Using ACPI for IRQ routing
[    3.117259] NetLabel: Initializing
[    3.118924] NetLabel:  domain hash size = 128
[    3.119733] NetLabel:  protocols = UNLABELED CIPSOv4
[    3.120554] NetLabel:  unlabeled traffic allowed by default
[    3.121565] amd_nb: Cannot enumerate AMD northbridges
[    3.122440] clocksource: Switched to clocksource kvm-clock
[    3.193] pprmr:AppArmor Filesystem Enabled
[    3.302769] pnp: PnP ACPI init
[   .303843] pnp: PnP ACPI: found 3 devices

[   .3606]clckoue:aci_: ask: 0xffffff max_cycles: 0xffffff, max_idle_ns: 2085701024 ns
[    3.664734] NET: Registered protocol family 2

[    3.665616] TCP established hash table entries: 8192 (order: 4, 65536 bytes)
[    3.666747] TCP bind hash table entries: 8192 (order: 5, 131072 bytes)
[    3.667798] TCP: Hash tables configured (established 8192 bind 8192)
[    3.668774] UDP hash table entries: 512 (order: 2, 16384 bytes)
[    3.669685] UDP-Lite hash table entries: 512 (order: 2, 16384 bytes)
[    3.670719] NET: Registered protocol family 1
[    3.671480] pci 0000:00:00.0: Limiting direct PCI/PCI transfers
[    3.672391] pci 0000:00:01.0: Activating ISA DMA hang workarounds
[    3.673374] Unpacking initramfs...
[    5.213527] Freeing initrd memory: 10792K
[    5.271083] platform rtc_cmos: registered platform RTC device (no PNP device found)
[    5.349507] Scanning for low memory corruption every 60 seconds
[    5.368722] audit: initializing netlink subsys (disabled)
[    5.391270] audit: type=2000 audit(1516293569.824:1): initialized
[    5.392398] Initialise system trusted keyring
[    5.395434] HugeTLB registered 2 MB page size, pre-allocated 0 pages
[    5.424334] zbud: loaded
[    5.425091] VFS: Disk quotas dquot_6.6.0
[    5.441296] VFS: Dquot-cache hash table entries: 512 (order 0, 4096 bytes)
[    5.442502] squashfs: version 4.0 (2009/01/31) Phillip Lougher
[    5.443610] fuse init (API version 7.23)
[    5.444385] Key type big_key registered
[    5.445049] Allocating IMA MOK and blacklist keyrings.
[    5.446747] Key type asymmetric registered
[    5.447397] Asymmetric key parser 'x509' registered
[    5.448143] Block layer SCSI generic (bsg) driver version 0.4 loaded (major 249)
[    5.449427] io scheduler noop registered
[    5.460301] io scheduler deadline registered (default)
[    5.461077] io scheduler cfq registered
[    5.461747] pci_hotplug: PCI Hot Plug PCI Core version: 0.5
[    5.462557] pciehp: PCI Express Hot Plug Controller Driver version: 0.4
[    5.463574] ACPI: AC Adapter [AC] (on-line)
[    5.464269] input: Power Button as /devices/LNXSYSTM:00/LNXPWRBN:00/input/input0
[    5.465486] ACPI: Power Button [PWRF]
[    5.496090] input: Sleep Button as /devices/LNXSYSTM:00/LNXSLPBN:00/input/input1
[    5.563026] ACPI: Sleep Button [SLPF]
[    5.571327] GHES: HEST is not enabled!
[    5.571980] ACPI: Battery Slot [BAT0] (battery present)
[    5.572988] Serial: 8250/16550 driver, 32 ports, IRQ sharing enabled
[    5.597497] 00:02: ttyS0 at I/O 0x3f8 (irq = 4, base_baud = 115200) is a 16550A
[    5.606205] Linux agpgart interface v0.103
[    5.660646] loop: module loaded
[    5.690766] scsi host0: ata_piix
[    5.691482] scsi host1: ata_piix
[    5.727895] ata1: PATA max UDMA/33 cmd 0x1f0 ctl 0x3f6 bmdma 0xd000 irq 14
[    5.728949] ata2: PATA max UDMA/33 cmd 0x170 ctl 0x376 bmdma 0xd008 irq 15
[    5.752242] libphy: Fixed MDIO Bus: probed
[    5759188] tn:Unvesa TUN/TAPdevice driver, 1.6
[    5.952848] tun: (C) 1999-2004 Max Krasnyansky <maxk@qualcomm.com>
[    5.955016] PPP generic driver version 2.4.2
[    5.955741] ehci_hcd: USB 2.0 'Enhanced' Host Controller (EHCI) Driver
[    5.960019] ehci-pci: EHCI PCI platform driver
[    5.960787] ehci-platform: EHCI generic platform driver
[    5.961641] ohci_hcd: USB 1.1 'Open' Host Controller (OHCI) Driver
[    5.990388] ohci-pci: OHCI PCI platform driver
[    5.991173] ohci-platform: OHCI generic platform driver
[    5.992033] uhci_hcd: USB Universal Host Controller Interface driver
[    5.993041] i8042: PNP: PS/2 Controller [PNP0303:PS2K,PNP0f03:PS2M] at 0x60,0x64 irq 1,12
[    5.994883] serio: i8042 KBD port at 0x60,0x64 irq 1
[    5.995704] serio: i8042 AUX port at 0x60,0x64 irq 12
[    5.996639] mousedev: PS/2 mouse device common for all mice
[    5.997867] input: AT Translated Set 2 keyboard as /devices/platform/i8042/serio0/input/input2
[    5.999530] rtc_cmos rtc_cmos: rtc core: registered rtc_cmos as rtc0
[    6.050448] rtc_cmos rtc_cmos: alarms up to one day, 114 bytes nvram
[    6.058688] i2c /dev entries driver
[    6.059448] device-mapper: uevent: version 1.0.3
[    6.060278] device-mapper: ioctl: 4.34.0-ioctl (2015-10-28) initialised: dm-devel@redhat.com
[    6.061671] ledtrig-cpu: registered to indicate activity on CPUs
[    6.063179] NET: Registered protocol family 10
[    6.064136] NET: Registered protocol family 17
[    6.064991] Key type dns_resolver registered
[    6.065892] microcode: CPU0 sig=0x406e3, pf=0x2, revision=0x0
[    6.229885] microcode: CPU1 sig=0x406e3, pf=0x2, revision=0x0
[    6.250149] microcode: Microcode Update Driver: v2.01 <tigran@aivazian.fsnet.co.uk>, Peter Oruba
[    6.271494] registered taskstats version 1
[    6.272175] Loading compiled-in X.509 certificates
[    6.273453] Loaded X.509 cert 'Build time autogenerated kernel key: 96e61bd247bb6c4e82ca419795a98fcb171b0e99'
[    6.275042] zswap: loaded using pool lzo/zbud
[    6.275127] tsc: Refined TSC clocksource calibration: 2808.593 MHz
[    6.275129] clocksource: tsc: mask: 0xffffffffffffffff max_cycles: 0x287bf6043c5, max_idle_ns: 440795263376 ns
[    6.294178] Key type trusted registered
[    6.313177] Key type encrypted registered
[    6.316097] AppArmor: AppArmor sha1 policy hashing enabled
[    6.319597] ima: No TPM chip found, activating TPM-bypass!
[    6.320466] evm: HMAC attrs: 0x1
[    6.321304]   Magic number: 2:152:692
[    6.324420] rtc_cmos rtc_cmos: setting system clock to 2018-01-18 16:39:29 UTC (1516293569)
[    6.325874] BIOS EDD facility v0.16 2004-Jun-25, 0 devices found
[    6.326880] EDD information not available.
[    6.328711] Freeing unused kernel memory: 1508K
[    6.331942] Write protecting the kernel read-only data: 14336k
[    6.333359] Freeing unused kernel memory: 1744K
[    6.334352] Freeing unused kernel memory: 108K
Loading, please wait...
starting version[    6.352283] random: systemd-udevd: uninitialized urandom read (16 bytes read, 3 bits of entropy available)
 229
[    6.352778] random: udevadm: uninitialized urandom read (16 bytes read, 3 bits of entropy available)
[    6.352798] random: udevadm: uninitialized urandom read (16 bytes read, 3 bits of entropy available)
[    6.362389] random: udevadm: uninitialized urandom read (16 bytes read, 3 bits of entropy available)
[    6.362431] random: udevadm: uninitialized urandom read (16 bytes read, 3 bits of entropy available)
[    6.362597] random: udevadm: uninitialized urandom read (16 bytes read, 3 bits of entropy available)
[    6.362653] random: udevadm: uninitialized urandom read (16 bytes read, 3 bits of entropy available)
[    6.362712] random: udevadm: uninitialized urandom read (16 bytes read, 3 bits of entropy available)
[    6.362769] random: udevadm: uninitialized urandom read (16 bytes read, 3 bits of entropy available)
[    6.362823] random: udevadm: uninitialized urandom read (16 bytes read, 3 bits of entropy available)
[    6.573784] e1000: Intel(R) PRO/1000 Network Driver - version 7.3.21-k8-NAPI
[    6.597454] e1000: Copyright (c) 1999-2006 Intel Corporation.
[    6.615082] AVX2 version of gcm_enc/dec engaged.
[    6.621941] Fusion MPT base driver 3.04.20
[    6.621942] Copyright (c) 1999-2008 LSI Corporation
[    6.659080] AES CTR mode by8 optimization enabled
[    6.663425] Fusion MPT SPI Host driver 3.04.20
[    6.860374] input: ImExPS/2 Generic Explorer Mouse as /devices/platform/i8042/serio1/input/input4
[    7.089212] e1000 0000:00:03.0 eth0: (PCI:33MHz:32-bit) 02:38:07:4c:82:85
[    7.130460] e1000 0000:00:03.0 eth0: Intel(R) PRO/1000 Network Connection
[    7.151827] e1000 0000:00:03.0 enp0s3: renamed from eth0
[    7.329922] mptbase: ioc0: Initiating bringup
[    7.420430] ioc0: LSI53C1030 A0: Capabilities={Initiator}
[    8.569058] scsi host2: ioc0: LSI53C1030 A0, FwRev=00000000h, Ports=1, MaxQ=256, IRQ=20
[    9.351031] scsi 2:0:0:0: Direct-Access     VBOX     HARDDISK         1.0  PQ: 0 ANSI: 5
[    9.598519] floppy0: no floppy controllers found
[    9.598556] work still pending
[    9.655554] scsi target2:0:0: Beginning Domain Validation
[    9.691701] scsi target2:0:0: Domain Validation skipping write tests
[    9.692630] scsi target2:0:0: Ending Domain Validation
[    9.693408] scsi target2:0:0: asynchronous
[    9.694401] scsi 2:0:1:0: Direct-Access     VBOX     HARDDISK         1.0  PQ: 0 ANSI: 5
[    9.695741] scsi target2:0:1: Beginning Domain Validation
[    9.705774] scsi target2:0:1: Domain Validation skipping write tests
[    9.707783] scsi target2:0:1: Ending Domain Validation
[    9.708727] scsi target2:0:1: asynchronous
[    9.713738] sd 2:0:0:0: Attached scsi generic sg0 type 0
[    9.775191] sd 2:0:0:0: [sda] 20971520 512-byte logical blocks: (10.7 GB/10.0 GiB)
[    9.780983] sd 2:0:1:0: [sdb] 20480 512-byte logical blocks: (10.5 MB/10.0 MiB)
[    9.783427] sd 2:0:1:0: Attached scsi generic sg1 type 0
[    9.862306] sd 2:0:0:0: [sda] Write Protect is off
[    9.867891] sd 2:0:1:0: [sdb] Write Protect is off
[    9.870221] sd 2:0:0:0: [sda] Incomplete mode parameter data
[    9.871173] sd 2:0:0:0: [sda] Assuming drive cache: write through
[    9.872190] sd 2:0:1:0: [sdb] Incomplete mode parameter data
[    9.882729] sd 2:0:1:0: [sdb] Assuming drive cache: write through
[    9.889856]  sda: sda1
[    9.897755] sd 2:0:1:0: [sdb] Attached SCSI disk
[    9.897916] sd 2:0:0:0: [sda] Attached SCSI disk
Begin: Loading e[   11.297433] md: linear personality registered for level -1
ssential drivers ... [   11.309071] md: multipath personality registered for level -4
[   11.314893] md: raid0 personality registered for level 0
[   11.328959] md: raid1 personality registered for level 1
[   11.429548] raid6: sse2x1   gen() 11911 MB/s
[   11.514668] raid6: sse2x1   xor()  8186 MB/s
[   11.619543] raid6: sse2x2   gen() 14588 MB/s
[   11.749502] raid6: sse2x2   xor()  9736 MB/s
[   11.859580] raid6: sse2x4   gen() 16461 MB/s
[   11.951376] raid6: sse2x4   xor() 10696 MB/s
[   12.249521] raid6: avx2x1   gen() 21985 MB/s
[   12.334767] raid6: avx2x2   gen() 22793 MB/s
[   12.463024] raid6: avx2x4   gen() 26808 MB/s
[   12.500255] raid6: using algorithm avx2x4 gen() 26808 MB/s
[   12.501078] raid6: using avx2x2 recovery algorithm
[   12.503043] xor: automatically using best checksumming function:
[   12.602485]    avx       : 19195.000 MB/sec
[   12.624141] async_tx: api initialized (async)
[   12.642698] md: raid6 personality registered for level 6
[   12.660446] md: raid5 personality registered for level 5
[   12.661294] md: raid4 personality registered for level 4
[   12.667485] md: raid10 personality registered for level 10
done.
Begin: Running[   12.704981] Btrfs loaded
 /scripts/init-premount ... done.
Begin: Mounting root file system ... Begin: Running /scripts/local-top ... done.
Begin: Running /scripts/local-premount ... Scanning for Btrfs filesystems
done.
Warning: fsck not present, so sk[   12.750522] EXT4-fs (sda1): mounted filesystem with ordered data mode. Opts: (null)
ipping root file system
done.
Begin: Running /scripts/local-bottom ... done.
Begin: Running /scripts/init-bottom ... done.
[   12.987535] systemd[1]: systemd 229 running in system mode. (+PAM +AUDIT +SELINUX +IMA +APPARMOR +SMACK +SYSVINIT +UTMP +LIBCRYPTSETUP +GCRYPT +GNUTLS +ACL +XZ -LZ4 +SECCOMP +BLKID +ELFUTILS +KMOD -IDN)
[   13.093374] systemd[1]: Detected virtualization oracle.
[   13.095205] systemd[1]: Detected architecture x86-64.

Welcome to [1mUbuntu 16.04.3 LTS[0m!

[   13.110793] systemd[1]: Set hostname to <ubuntu>.
[   13.113278] systemd[1]: Initializing machine ID from random generator.
[   13.202746] systemd[1]: Installed transient /etc/machine-id file.
[ 134325 systemd[1]: Listening on Journal Socket.
[[0;32m  OK  [0m] Listening on Journal Socket.
[   13.479611] systemd[1]: Listening on udev Kernel Socket.
[[0;32m  OK  [0m] Listening on udev Kernel Socket.
[   13.481344] systemd[1]: Reached target Swap.
[[0;32m  OK  [0m] Reached target Swap.
[  1.4333]systemd[1]: Created slice User and Session Slice.
[[0;32m  OK  [0m] Created slice User and Session Slice.
[   13.595082] sysemd[1]: Started Forward Password Requests to Wall Directory Watch.
[[0;32m  OK  [0m] Started Forward Password Requests to Wall Directory Watch.
[   13.642077] systemd[1]: Listening on LVM2 metadata daemon socket.
[[0;32m  OK  [0m] Listening on LVM2 metadata daemon socket.
[   13.948409] systemd[1]: Reached target User and Group Name Lookups.
[[0;32m  OK  [0m] Reached target User and Group Name Lookups.
[   14.051582] systemd[1]: Reached target Encrypted Volumes.
[[0;32m  OK  [0m] Reached target Encrypted Volumes.
[   14.053413] systemd[1]: Listening on Syslog Socket.
[[0;32m  OK  [0m] Listening on Syslog Socket.
[   14.055026] systemd[1]: Listening on Device-mapper event daemon FIFOs.
[[0;32m  OK  [0m] Listening on Device-mapper event daemon FIFOs.
[  1.235] stmd]:Lieng on /dev/initctl Compatily mePi.
[[0;32m  OK  [0m] Listening on /dev/initctl Compatibility Named Pipe.
[  1.9046]syted[]:Litein on Journal Audit Socket.
[[0;32m  OK  [0m] Listening on Journal Audit Socket.
[   15.281337] systemd[1]: Created slice System Slice.
[[0;32m  OK  [0m] Created slice System Slice.
[   15.959098] systemd[1]: Mounting Debug File System...
         Mounting Debug File System...
[   16.007931] systemd[1]: Starting Set console keymap...
         Starting Set console keymap...
[   16.030972] random: nonblocking pool is initialized
[   16.032633] systemd[1]: Starting Uncomplicated firewall...
         Starting Uncomplicated firewall...
[   16.098324] systemd[1]: Mounting Huge Pages File System...
         Mounting Huge Pages File System...
[   16.111484] systemd[1]: Starting Remount Root and Kernel File Systems...
[   16.114743] EXT4-fs (sda1): re-mounted. Opts: (null)
         Starting Remount Root and Kernel File Systems...
[   16.178752] systemd[1]: Starting Load Kernel Modules...
         Starting Load Kernel Modules...
[   16.193184] Loading iSCSI transport class v2.0-870.
[   16.193897] systemd[1]: Starting Nameserver information manager...
         Starting Nameserver information [   16.209523] iscsi: registered transport (tcp)
manager...
[   16.301469] iscsi: registered transport (iser)
[   16.310764] systemd[1]: Starting Monitoring of LVM2 mirrors, snapshots etc. using dmeventd or progress polling...
         Starting Monitoring of LVM2 mirrors... dmeventd or progress polling...
[   66.358688] systemd[1]: Listening on Journal Socket (/dev/log).
[[0;32m  OK  [0m] Listening on Journal Socket (/dev/log).
[   16.454474] systemd[1]: Starting Journal Service...
         Starting Journal Service...
[   16.494878] systemd[1]: Mounting POSIX Message Queue File System...
         Mounting POSIX Message Queue File System...
[   16.513663] systemd[1]: Reached target Slices.
[[0;32m  OK  [0m] Reached target Slices.
[   16.521329] systemd[1]: Starting Create list of required static device nodes for the current kernel...
         Starting Create list of required st... nodes for the current kernel...
[   16.591082] systemd[1]: Set up automount Arbitrary Executable File Formats File System Automount Point.
[[0;32m  OK  [0m] Set up automount Arbitrary Executab...ats File System Automount Point.
[   16.676286] systemd[1]: Listening on udev Control Socket.
[[0;32m  OK  [0m] Listening on udev Control Socket.
[   16.698729] systemd[1]: Started Trigger resolvconf update for networkd DNS.
[[0;32m  OK  [0m] Started Trigger resolvconf update for networkd DNS.
[   16.781333] systemd[1]: Created slice system-serial\x2dgetty.slice.
[[0;32m  OK  [0m] Created slice system-serial\x2dgetty.slice.
[   16.810471] systemd[1]: Listening on LVM2 poll daemon socket.
[[0;32m  OK  [0m] Listening on LVM2 poll daemon socket.
[   16.904095] systemd[1]: Mounted POSIX Message Queue File System.
[[0;32m  OK  [0m] Mounted POSIX Message Queue File System.
[   16.932825] systemd[1]: Mounted Huge Pages File System.
[[0;32m  OK  [0m] Mounted Huge Pages File System.
[   16.992040] systemd[1]: Mounted Debug File System.
[[0;32m  OK  [0m] Mounted Debug File System.
[   16.993639] systemd[1]: Started Journal Service.
[[0;32m  OK  [0m] Started Journal Service.
[[0;32m  OK  [0m] Started Set console keymap.
[[0;32m  OK  [0m] Started Uncomplicated firewall.
[[0;32m  OK  [0m] Started Remount Root and Kernel File Systems.
[[0;32m  OK  [0m] Started Load Kernel Modules.
[[0;32m  OK  [0m] Started Create list of required sta...ce nodes for the current kernel.
[[0;32m  OK  [0m] Started Nameserver information manager.
[[0;32m  OK  [0m] Started LVM2 metadata daemon.
         Starting Create Static Device Nodes in /dev...
         Starting Apply Kernel Variables...
         Mounting FUSE Control File System...
         Starting udev Coldplug all Devices...
         Starting Initial cloud-init job (pre-networking)...
         Starting Load/Save Random Seed...
         Starting Flush Journal to Persistent Storage...
[[0;32m  OK  [0m] Mounted FUSE Control File System.
[[0;32m  OK  [0m] Started Create Static Device Nodes in /dev.
[[0;32m  OK  [0m] Started Apply Kernel Variables.
[[0;32m  OK  [0m] Started Load/Save Random Seed.
[[0;32m  OK  [0m] Started Flush Journal to Persistent Storage.
[[0;32m  OK  [0m] Started udev Coldplug all Devices.
         Starting udev Kernel Device Manager...
[[0;32m  OK  [0m] Started Monitoring of LVM2 mirrors,...ng dmeventd or progress polling.
[[0;32m  OK  [0m] Started udev Kernel Device Manager.
[[0;32m  OK  [0m] Started Dispatch Password Requests to Console Directory Watch.
[[0;32m  OK  [0m] Reached target Local File Systems (Pre).
[[0;32m  OK  [0m] Reached target Local File Systems.
         Starting LSB: AppArmor initialization...
         Starting Set console font and keymap...
         Starting Tell Plymouth To Write Out Runtime Data...
         Starting Commit a transient machine-id on disk...
         Starting Create Volatile Files and Directories...
[[0;32m  OK  [0m] Started Tell Plymouth To Write Out Runtime Data.
[[0;32m  OK  [0m] Started Commit a transient machine-id on disk.
[[0;32m  OK  [0m] Started Create Volatile Files and Directories.
[[0;32m  OK  [0m] Found device /dev/ttyS0.
[[0;32m  OK  [0m] Reached target System Time Synchronized.
         Starting Update UTMP about System Boot/Shutdown...
[[0;32m  OK  [0m] Started Update UTMP about System Boot/Shutdown.
[[0;32m  OK  [0m] Started Set console font and keymap.
[[0;32m  OK  [0m] Created slice system-getty.slice.
[[0;32m  OK  [0m] Listening on Load/Save RF Kill Switch Status /dev/rfkill Watch.
[   15.602444] cloud-init[456]: Cloud-init v. 17.1 running 'init-local' at Thu, 18 Jan 2018 16:39:41 +0000. Up 15.18 seconds.
[[0;32m  OK  [0m] Started Initial cloud-init job (pre-networking).
[[0;32m  OK  [0m] Started LSB: AppArmor initialization.
[[0;32m  OK  [0m] Reached target Network (Pre).
         Starting Raise network interfaces...
[[0;32m  OK  [0m] Started Raise network interfaces.
         Starting Initial cloud-init job (metadata service crawler)...
[[0;32m  OK  [0m] Reached target Network.
[   19.172100] cloud-init[932]: Cloud-init v. 17.1 running 'init' at Thu, 18 Jan 2018 16:39:44 +0000. Up 18.40 seconds.
[   19.230443] [cloud-init[0;32m  OK  [0m[932]: ] ci-info: +++++++++++++++++++++++++++++++++++++Net device info+++++++++++++++++++++++++++++++++++++Started Initial cloud-init job (metadata service crawler).

[   19.231344] cloud-init[932]: ci-info: +--------+------+---------------------------+---------------+-------+-------------------+
[   19.257278] [[0;32m  OK  [0m] Reached target System Initialization.
[[0;32m  OK  [0m] Started Daily Cleanup of Temporary Directories.
[[0;32m  OK  [0m] Listening on UUID daemon activation socket.
[[0;32m  OK  [0m] Listening on ACPID Listen Socket.
         Starting Socket activation for snappy daemon.
cloud-init[932]: ci-info: | Device |  Up  |          Address          |      Mask     | Scope |     Hw-Address    |
[   19.268480] cloud-init[932]: ci-info: +--------+------+---------------------------+---------------+-------+-------------------+
[   19.270019] cloud-init[932]: ci-info: | enp0s3 | True |         10.0.2.15         | 255.255.255.0 |   .   | 02:38:07:4c:82:85 |
[   19.270369] cloud-init[932]: ci-info: | enp0s3 | True | fe80::38:7ff:fe4c:8285/64 |       .       |  link | 02:38:07:4c:82:85 |
[   19.270733] cloud-init[932]: ci-info: |   lo   | True |         127.0.0.1         |   255.0.0.0   |   .   |         .         |
[   19.271108] cloud-init[932]: ci-info: |   lo   | True |          ::1/128          |       .       |  host |         .         |
[   19.271569] cloud-init[932]: ci-info: +--------+------+---------------------------+---------------+-------+-------------------+
[   19.271945] cloud-init[932]: ci-info: +++++++++++++++++++++++++++Route IPv4 info++++++++++++++++++++++++++++
[   19.272326] cloud-init[932]: ci-info: +-------+-------------+----------+---------------+-----------+-------+
[   19.272689] cloud-init[932]: ci-info: | Route | Destination | Gateway  |    Genmask    | Interface | Flags |
         Starting LXD - unix socket.
[   19.273078] cloud-init[932]: ci-info: +-------+-------------+----------+---------------+-----------+-------+
[   19.298927] cloud-init[932]: ci-info: |   0   |   0.0.0.0   | 10.0.2.2 |    0.0.0.0    |   enp0s3  |   UG  |
[[0;32m  OK  [0m] Listening on D-Bus System Message Bus Socket.
[   19.299272] cloud-init[932]: ci-info: |   1   |   10.0.2.0  | 0.0.0.0  | 255.255.255.0 |   enp0s3  |   U   |
[[   19.371893] cloud-init[932]: ci-info: +-------+-------------+----------+---------------+-----------+-------+
[   19.372255] cloud-init[932]: Generating public/private rsa key pair.
[0;32m  OK  [0m] Started ACPI Events Check.
[[   19.372702] cloud-init[932]: Your identification has been saved in /etc/ssh/ssh_host_rsa_key.
[   19.406863] cloud-init[932]: Your public key has been saved in /etc/ssh/ssh_host_rsa_key.pub.
[   19.407134] cloud-init[932]: The key fingerprint is:
[   19.407344] cloud-init[932]: SHA256:dFPATzzKoY3rqOAi1bFrtGJP+cHwNoMlT3fuAtlwVPs root@ubuntu-xenial
[   19.407561] cloud-init[932]: The key's randomart image is:
[   19.407777] cloud-init[932]: +---[RSA 2048]----+
[   19.408001] cloud-init[932]: |         ooo.    |
[   19.408231] cloud-init[932]: |        . oo+    |
[   19.408438] cloud-init[932]: |       ..=+= .   |
[   19.408654] cloud-init[932]: |    . ..+.+o.    |
[   19.408886] cloud-init[932]: |   .ooo=S.. E    |
[   19.409094] cloud-init[932]: |  . +@o.oo       |
[   19.409308] cloud-init[932]: | ...+oO+  .      |
[   19.409537] cloud-init[932]: |o.oo+o.+o.       |
[   19.409765] cloud-init[932]: |.o.+o..  ..      |
[   19.410003] cloud-init[932]: +----[SHA256]-----+
[   19.410228] cloud-init[932]: Generating public/private dsa key pair.
[   19.410443] cloud-init[932]: Your identification has been saved in /etc/ssh/ssh_host_dsa_key.
[   19.410676] cloud-init[932]: Your public key has been saved in /etc/ssh/ssh_host_dsa_key.pub.
[   19.410906] cloud-init[932]: The key fingerprint is:
[   19.411151] cloud-init[932]: SHA256:7cGUmF7TX/3x7W+fRIgRvewPs6pCML4PNuAI45jNHbw root@ubuntu-xenial
[   19.411453] cloud-init[932]: The key's randomart image is:
[   19.411701] cloud-init[932]: +---[DSA 1024]----+
[   19.411949] cloud-init[932]: |           ..    |
[   19.412194] cloud-init[932]: |         o o..  .|
[   19.412430] cloud-init[932]: |        o =.o ..o|
[   19.412660] cloud-init[932]: |   . o . = .o+..=|
[   19.412908] cloud-init[932]: |o  .+ o S +.....+|
[   19.413136] cloud-init[932]: |+=o..+ . . . +.. |
[   19.413369] cloud-init[932]: |ooo.E+o   .   =..|
[   19.413593] cloud-init[932]: |    ..o.     ...+|
[   19.413814] cloud-init[932]: |      .......  o+|
[   19.414042] cloud-init[932]: +----[SHA256]-----+
[   19.414269] cloud-init[932]: Generating public/private ecdsa key pair.
[   19.414529] cloud-init[932]: Your identification has been saved in /etc/ssh/ssh_host_ecdsa_key.
[0;32m  OK  [0m] Reached target Paths.
[   19.414695] cloud-init[932]: Your public key has been saved in /etc/ssh/ssh_host_ecdsa_key.pub.
[   19.593784] cloud-init[932]: The key fingerprint is:
[[0;32m  OK  [0m[   19.594740] ] cloud-initStarted Timer to automatically refresh installed snaps.[932]: 
SHA256:tNDjXOwMf0qdPxO+22D0yazyH2oEaCRUDY44pZUtxZ0 root@ubuntu-xenial
[[   19.623668] cloud-init[932]: The key's randomart image is:
[   19.625176] cloud-init[932]: +---[ECDSA 256]---+
[   19.626184] cloud-init[932]: |      .+*++ .    |
[   19.627208] cloud-init[932]: |      ==o= E     |
[   19.628337] cloud-init[932]: |     +..O.+      |
[   19.629446] cloud-init[932]: |      .= @ o .   |
[   19.630435] cloud-init[932]: |        S = = o  |
[   19.631444] cloud-init[932]: |         . o =oo.|
[0;32m  OK  [0m] Reached target Cloud-config availability.
[   19.632536] cloud-init[932]: |          . . B=.|
[   19.677329] cloud-init[932]: |           . oo*.|
[[0;32m  OK  [0m] Reached target Network is Online.
[   19.677795] cloud-init[932]: |            +++o.|
[   19.703751] cloud-init[932]: +----[SHA256]-----+
[[0;32m  OK  [0m] Started Daily apt download activities.
[   19.704342] cloud-init[932]: Generating public/private ed25519 key pair.
[   19.785791] cloud-init[932]: Your identification has been saved in /etc/ssh/ssh_host_ed25519_key.
[   19.786708] cloud-init[932]: Your public key has been saved in /etc/ssh/ssh_host_ed25519_key.pub.
[[0;32m  OK  [0m] Started Daily apt upgrade and clean activities.
[   19.787291] cloud-init[932]: The key fingerprint is:
[   19.900408] cloud-init[932]: SHA256:2gfgcnAAdzfvNO83dqUJWdSs7x31L4QvDDEpxbv778g root@ubuntu-xenial
[[0;32m  OK  [0m] Reached target Timers.
[   19.900873] cloud-init[932]: The key's randomart image is:
[   19.962763] cloud-init[932]: +--[ED25519 256]--+
[   19.969752] cloud-init[932]: |  ..o . o.    .o |
         [   19.975473] Starting iSCSI initiator daemon (iscsid)...cloud-init
[932]: |   . o . oo  .  o|
[   19.995315] cloud-init[932]: |    . o  .+o  .. |
[   19.995989] cloud-init[932]: |     + ..o=o o. .|
[[0;32m  OK  [0m] Listening on Socket activation for snappy daemon.
[   19.996462] cloud-init[932]: |    . o S..++. .+|
[   20.040606] cloud-init[932]: |     o o .o....++|
[   20.041208] cloud-init[932]: |      . . .+.o*.=|
[   20.041492] cloud-init[932]: |         ...o+oo+|
[[0;32m  OK  [0m] Listening on LXD - unix socket.
[   20.042725] cloud-init[932]: |           .E+o. |
[   20.092753] cloud-init[932]: +----[SHA256]-----+
[[0;32m  OK  [0m] Started iSCSI initiator daemon (iscsid).
         Starting Login to default iSCSI targets...
[[0;32m  OK  [0m] Reached target Sockets.
[[0;32m  OK  [0m] Reached target Basic System.
         Starting LSB: MD monitoring daemon...
[[0;32m  OK  [0m] Started ACPI event daemon.
         Starting Login Service...
         Starting LSB: Record successful boot for GRUB...
         Starting Accounts Service...
         Starting Pollinate to seed the pseudo random number generator...
         Starting /etc/rc.local Compatibility...
[[0;32m  OK  [0m] Started FUSE filesystem for LXC.
[[0;32m  OK  [0m] Started Deferred execution scheduler.
[[0;32m  OK  [0m] Started D-Bus System Message Bus.
[[0;32m  OK  [0m] Started Unattended Upgrades Shutdown.
         Starting LXD - container startup/shutdown...
         Starting Apply the settings specified in cloud-config...
         Starting System Logging Service...
[[0;32m  OK  [0m] Started Regular background program processing daemon.
         Starting Snappy daemon...
[[0;32m  OK  [0m] Started System Logging Service.
[[0;32m  OK  [0m] Started /etc/rc.local Compatibility.
[[0;32m  OK  [0m] Started LXD - container startup/shutdown.
[[0;32m  OK  [0m] Started Pollinate to seed the pseudo random number generator.
[[0;32m  OK  [0m] Started Snappy daemon.
[[0;32m  OK  [0m] Started LSB: MD monitoring daemon.
[[0;32m  OK  [0m] Started Login to default iSCSI targets.
[[0;32m  OK  [0m] Started LSB: Record successful boot for GRUB.
[   21.018921] cloud-init[1109]: Generating locales (this might take a while)...
[[0;32m  OK  [0m] Started Login Service.
         Starting Authenticate and Authorize Users to Run Privileged Tasks...
[[0;32m  OK  [0m] Reached target Remote File Systems (Pre).
[[0;32m  OK  [0m] Reached target Remote File Systems.
         Starting LSB: VirtualBox Linux Additions...
         Starting Permit User Sessions...
         Starting LSB: Set the CPU Frequency Scaling governor to "ondemand"...
         Starting LSB: daemon to balance interrupts for SMP systems...
         Starting LSB: automatic crash report generation...
         Starting OpenBSD Secure Shell server...
[[0;32m  OK  [0m] Started Permit User Sessions.
[[0;32m  OK  [0m] Started Authenticate and Authorize Users to Run Privileged Tasks.
[[0;32m  OK  [0m] Started OpenBSD Secure Shell server.
[[0;32m  OK  [0m] Started Accounts Service.
[[0;32m  OK  [0m] Started LSB: Set the CPU Frequency Scaling governor to "ondemand".
         Starting Terminate Plymouth Boot Screen...
         Starting Hold until boot process finishes up...
[[0;32m  OK  [0m] Started LSB: daemon to balance interrupts for SMP systems.
[[0;32m  OK  [0m] Started Terminate Plymouth Boot Screen.
[[0;32m  OK  [0m] Started Hold until boot process finishes up.
[[0;32m  OK  [0m] Started LSB: VirtualBox Linux Additions.
[[0;32m  OK  [0m] Started Serial Getty on ttyS0.
[[0;32m  OK  [0m] Started Getty on tty1.
[[0;32m  OK  [0m] Reached target Login Prompts.
         Starting Set console scheme...
[[0;32m  OK  [0m] Started LSB: automatic crash report generation.
[[0;32m  OK  [0m] Started Set console scheme.
[[0;32m  OK  [0m] Reached target Multi-User System.
[[0;32m  OK  [0m] Reached target Graphical Interface.
         Starting Update UTMP about System Runlevel Changes...
[[0;32m  OK  [0m] Started Update UTMP about System Runlevel Changes.
[   21.761686] cloud-init[1109]:   en_US.UTF-8... done
[   21.788367] cloud-init[1109]: Generation complete.
[   22.085167] cloud-init[1109]: Cloud-init v. 17.1 running 'modules:config' at Thu, 18 Jan 2018 16:39:46 +0000. Up 20.88 seconds.
[[0;32m  OK  [0m] Started Apply the settings specified in cloud-config.
         Starting Execute cloud user/final scripts...
ci-info: no authorized ssh keys fingerprints found for user ubuntu.
<14>Jan 18 16:39:48 ec2: 
<14>Jan 18 16:39:48 ec2: #############################################################
<14>Jan 18 16:39:48 ec2: -----BEGIN SSH HOST KEY FINGERPRINTS-----
<14>Jan 18 16:39:48 ec2: 1024 SHA256:7cGUmF7TX/3x7W+fRIgRvewPs6pCML4PNuAI45jNHbw root@ubuntu-xenial (DSA)
<14>Jan 18 16:39:48 ec2: 256 SHA256:tNDjXOwMf0qdPxO+22D0yazyH2oEaCRUDY44pZUtxZ0 root@ubuntu-xenial (ECDSA)
<14>Jan 18 16:39:48 ec2: 256 SHA256:2gfgcnAAdzfvNO83dqUJWdSs7x31L4QvDDEpxbv778g root@ubuntu-xenial (ED25519)
<14>Jan 18 16:39:48 ec2: 2048 SHA256:dFPATzzKoY3rqOAi1bFrtGJP+cHwNoMlT3fuAtlwVPs root@ubuntu-xenial (RSA)
<14>Jan 18 16:39:48 ec2: -----END SSH HOST KEY FINGERPRINTS-----
<14>Jan 18 16:39:48 ec2: #############################################################
-----BEGIN SSH HOST KEY KEYS-----
ecdsa-sha2-nistp256 AAAAE2VjZHNhLXNoYTItbmlzdHAyNTYAAAAIbmlzdHAyNTYAAABBBAmBIteY9DNWZGDHPQu5D9XC2CtTUfx7dvpKq/7mRpv097qYfLVuK1gSxTF2CUr2nUPgfNjx2mqxcJ4KYTm5sfw= root@ubuntu-xenial
ssh-ed25519 AAAAC3NzaC1lZDI1NTE5AAAAIOL9Yxi0ZEvH2WUQOnjNmvlGIpoFNOSNKYPwuTozn6+A root@ubuntu-xenial
ssh-rsa AAAAB3NzaC1yc2EAAAADAQABAAABAQD5BeYFQy6pnL2v+vXVrPAKStJxbcQqFttmE4faTcwgeVDWzxpwWkPiPy11pPjyQBlXwzJNfTu3GgHzh84G3wnNVhjGD31L0gTwgCuVGyAf+xbkjSSYx1cNcKKoY/Xi9vX5iNdMX2wgtdAwjie4xJYyM706tMwWbnFAofPV2Nrq3me8pkRV4IwehmLPGtCwbIa8eQaWOz23gWS5EAaTUbiiVAuwaWLnJt+3d/9CLAxh0jzsRTstKZh/f2Kd8Rv8mIbST3mwKtHHRUs5lvhhAf2HzSVKJ/23L+h9xDile59m5EUuMctpNnxSGQ08AHTH9Bj0VgC5vuIKeVD48u7rroot root@ubuntu-xenial
-----END SSH HOST KEY KEYS-----
[   22.838139] cloud-init[1287]: Cloud-init v. 17.1 running 'modules:final' at Thu, 18 Jan 2018 16:39:48 +0000. Up 22.38 seconds.
[   22.842573] cloud-init[1287]: ci-info: no authorized ssh keys fingerprints found for user ubuntu.
[   22.844264] cloud-init[1287]: Cloud-init v. 17.1 finished at Thu, 18 Jan 2018 16:39:48 +0000. Datasource DataSourceNoCloud [seed=/dev/sdb][dsmode=net].  Up 22.82 seconds
[[0;32m  OK  [0m] Started Execute cloud user/final scripts.
[[0;32m  OK  [0m] Reached target Cloud-init target.

Ubuntu 16.04.3 LTS ubuntu-xenial ttyS0

ubuntu-xenial login: 