[  0.000000] niializing cgroup subsys cpuset
[    0.000000] Initializing cgroup subsys cpu
[    0.000000] Initializing cgroup subsys cpuacct
[    0.000000] Linux version 4.4.0-109-generic (buildd@lgw01-amd64-038) (gcc version 5.4.0 20160609 (Ubuntu 5.4.0-6ubuntu1~16.04.5) ) #132-Ubuntu SMP Tue Jan9 9:52:39 UTC 2018 (Ubuntu 4.4.0-109.132-generic 4.4.98)
[    0.000000] Command line: BOOT_IMAGE=/boot/vmlinuz-4.4.0-109-generic root=LABELcloudimg-rootfs ro console=tty1 console=ttyS0
[    0.000000] KERNEL supported cpus:
[    0.000000]   Intel GenuineIntel
[    0.000000]   AMD AuthentiAMD
[    0.000000]   Centaur CentaurHauls[    0.000000] x86/fpu: xstate_offset[2]:  576, xstate_sizes[2]:  256
[    0.000000] x86/fpu: Supporting XSAVE feature 0x01: 'x87 floating point registers'
[    0.000000] x86/fpu: Supporting XSAVE feature 0x02: 'SSE registers'
[    0.000000] x86/fpu: Supporting XSAVE feature 0x04: 'AVX registers'
[    0.000000] x86/fpu: Enabld xstate fatres 0x7, context size is 832 bytes, using 'standard' format.
[    0.000000] x86/fpu: Using 'lazy' FPU context switches.
[    0.000000] e820: BIOS-provided physical RAM map:
[    0.000000] BIOS-e820: [mm x000000000000000-0x000000000009fbff] usable
[    0.000000] BIOS-e820: [mem 0x000000000009fc00-0x000000000009ffff] rerved
[    0.000000] BIOS-e820: [mem 0x00000000000f0000-0x00000000000fffff] reserved
[    0.000000] BIOS-e820: [mem 0x0000000000100000-0x00000003ffeff] usable
[    0.000000] BIOS-e820: [mem 0x000000003fff0000-0x000000003fffffff] ACPI data
[    0.000000] BIOS-e820: [mem 0x00000000fec00000-0x00000000fec00fff] reserved
[    0.000000] BIOS-e820: [mem 0x00000000fee00000-0x00000000fee00fff] reserved
[    0.000000] BIOS-e820: [mem 0x00000000fffc0000-0x00000000ffffffff] reserved
[    0.000000] NX (Execute Disable) protection: active
[    0.00000 SMBIOS 2.5 present.
[    0.000000] Hypervisor detected: KVM
[    0.000000] e820 last_fn = 0x3ff max_arch_pfn = 0x400000000
[    0.000000] MTRR: Disabled
[   0.000000] x86/PAT: MTRRs disabled, skipping PAT initialization too.
[    0.000000] CPU MTRRs all blank - virtualized system.
[    0.000000] x86/PAT:Cofiguration [0-7]: WB W  UC- UC  WB  WT  UC- UC  
[    0.000000] found SMP MP-table at [mem 0x0009fff0-0x0009ffff] mapped at [ffff88000009fff0]
[    0.000000] Scanning 1 areas for low memory corruption
[    0.000000] RAMDISK: [mem 0x36adc000-0x37565fff]
[    0.000000] ACPI: Early table checksum verification disabled
[    0.000000] ACPI: RSDP 0x00000000000E0000 000024 (v02 VBOX  )
[    0.000000] ACPI: XSDT 0x000000003FFF0030 00003C (v01 VBOX   VBOXXSDT 00000001 ASL  00000061)
[    0.000000] ACPI: FACP 0x000000003FFF00F0 0000F4 (v04 VBOX   VBOXFACP 00000001 ASL  00000061)
[    0.000000] ACPI: DSDT 0x000000003FFF0470 0021FF (v02 VBOX   VBOXBIOS 00000002 INTL 20160930)
[    0.000000] ACPI: FACS 0x000000003FFF0200 000040
[    0.0000] ACPI: FACS 0x000000003FF200 000040
[    0.000000] ACPI: APIC 0x000000003FFF0240 00005C (v02 VBOX   VBOXAPIC 00000001 ASL  00000061)
[    0.000000] ACPI: SSDT 0x000000003FFF02A0 0001CC (v01 VBOX   VBOXCPUT 00000002 INTL 20160930)
[    0.000000] No NUMA configuration found
[    0.000000] Faking a node at [mem 0x0000000000000000-0x000000003ffeffff]
[    0.000000] NODE_DATA(0) allocated [mem 0x3ffeb000-0x3ffeffff]
[    0.000000] kvm-clock: Using msrs 4b564d01 and 4b564d00
[    0.000000] kvm-clock: cpu 0, msr 00:3ffe3001, primary cpu clock
[    0.000000] kvm-clock: using sched offset of 3323405442 cycles
[    0.000000] clocksource: kvm-clock: mask: 0xffffffffffffffff max_cycles: 0x1cd42e4dffb, max_idle_ns: 881590591483 ns
[    0.000000] Zone ranges:
[    0.000000]   DMA      [mem 0x0000000000001000-0x0000000000ffffff]
[    0.000000]   DMA32    [mem 0x0000000001000000-0x000000003ffeffff]
[    0.000000]   Normal   empty
[    0.000000]   Device   empty
[    0.000000] Movable zone start for each node
[    0.000000] Early memory node ranges
[    0.000000]   node   0: [mem 0x0000000000001000-0x000000000009efff]
[    0.000000]   node   0: [mem 0x0000000000100000-0x000000003ffeffff]
[    0.000000] Initmem setup node 0 [mem 0x0000000000001000-0x000000003ffeffff]
[    0.000000] ACPI: PM-Timer IO Port: 0x4008
[    0.000000] IOAPIC[0]: apic_id 2, version 32, address 0xfec00000, GSI 0-23
[    0.000000] ACPI: INT_SRC_OVR (bus 0 bus_irq 0 global_irq 2 dfl dfl)
[    0.000000] ACPI: INT_SRC_OVR (bus 0 bus_irq 9 global_irq 9 low level)
[    0.000000] Using ACPI (MADT) for SMP configuration information
[    0.000000] smpboot: Allowing 2 CPUs, 0 hotplug CPUs
[    0.000000] PM: Registered nosave memory: [mem 0x00000000-0x00000fff]
[    0.000000] PM: Registered nosave memory: [mem 0x0009f000-0x0009ffff]
[    0.000000] PM: Registered nosave memory: [mem 0x000a0000-0x000effff]
[    0.000000] PM: Registered nosave memory: [mem 0x000f0000-0x000fffff]
[    0.000000] e820: [mem 0x40000000-0xfebfffff] available for PCI devices
[    0.000000] Booting paravirtualized kernel on KVM
[    0.000000] clocksource: refined-jiffies: mask: 0xffffffff max_cycles: 0xffffffff, max_idle_ns: 7645519600211568 ns
[    0.000000] setup_percpu: NR_CPUS:512 nr_cpumask_bits:512 nr_cpu_ids:2 nr_node_ids:1
[    0.000000] PERCPU: Embedded 34 pages/cpu @ffff88003fc00000 s99544 r8192 d31528 u1048576
[    0.000000] PV qspinlock hash table entries: 256 (order: 0, 4096 bytes)
[    0.000000] Built 1 zonelists in Node order, mobility grouping on.  Total pages: 257913
[    0.000000] Policy zone: DMA32
[    0.000000] Kernel command line: BOOT_IMAGE=/boot/vmlinuz-4.4.0-109-generic root=LABEL=cloudimg-rootfs ro console=tty1 console=ttyS0
[    0.000000] PID hash table entries: 4096 (order: 3, 32768 bytes)
[    0.000000] Memory: 1001740K/1048120K available (8485K kernel code, 1308K rwdata, 3988K rodata, 1508K init, 1316K bss, 46380K reserved, 0K cma-reserved)
[    0.000000] SLUB: HWalign=64, Order=0-3, MinObjects=0, CPUs=2, Nodes=1
[    0.000000] Kernel/User page tables isolation: enabled
[    0.000000] Hierarchical RCU implementation.
[    0.000000] 	Build-time adjustment of leaf fanout to 64.
[    0.000000] 	RCU restricting CPUs from NR_CPUS=512 to nr_cpu_ids=2.
[    0.000000] RCU: Adjusting geometry for rcu_fanout_leaf=64, nr_cpu_ids=2
[    0.000000] NR_IRQS:33024 nr_irqs:440 16
[    0.000000] Console: colour VGA+ 80x25
[    0.000000] console [tty1] enabled
[    0.000000] console [ttyS0] enabled
[    0.000000] tsc: Detected 2807.920 MHz processor
[    1.083545] Calibrating delay loop (skipped) preset value.. 5615.84 BogoMIPS (lpj=11231680)
[    1.086372] pid_max: default: 32768 minimum: 301
[    1.088002] ACPI: Core revision 20150930
[    1.090717] ACPI: 2 ACPI AML tables successfully acquired and loaded
[    1.093030] Security Framework initialized
[    1.094441] Yama: becoming mindful.
[    1.095652] AppArmor: AppArmor initialized
[    1.097033] Dentry cache hash table entries: 131072 (order: 8, 1048576 bytes)
[    1.100109] Inode-cache hash table entries: 65536 (order: 7, 524288 bytes)
[    1.102343] Mount-cache hash table entries: 2048 (order: 2, 16384 bytes)
[    1.104611] Mountpoint-cache hash table entries: 2048 (order: 2, 16384 bytes)
[    1.107013] Initializing cgroup subsys io
[    1.108496] Initializing cgroup subsys memory
[    1.110021] Initializing cgroup subsys devices
[    1.111430] Initializing cgroup subsys freezer
[    1.112857] Initializing cgroup subsys net_cls
[    1.114303] Initializing cgroup subsys perf_event
[    1.115890] Initializing cgroup subsys net_prio
[    1.117327] Initializing cgroup subsys hugetlb
[    1.118832] Initializing cgroup subsys pids
[    1.120460] CPU: Physical Processor ID: 0
[    1.121878] CPU: Processor Core ID: 0
[    1.124382] mce: CPU supports 0 MCE banks
[    1.125831] Last level iTLB entries: 4KB 64, 2MB 8, 4MB 8
[    1.127599] Last level dTLB entries: 4KB 64, 2MB 0, 4MB 0, 1GB 4
[    1.132026] Freeing SMP alternatives memory: 32K
[    1.144401] ftrace: allocating 32171 entries in 126 pages
[    1.204889] smpboot: APIC(0) Converting physical 0 to logical package 0
[    1.346888] smpboot: Max logical packages: 1
[    1.425581] x2apic enabled
[    1.474819] Switched APIC routing to physical x2apic.
[    1.520742] ..TIMER: vector=0x30 apic1=0 pin1=2 apic2=-1 pin2=-1
[    1.653991] smpboot: CPU0: Intel(R) Core(TM) i7-6600U CPU @ 2.60GHz (family: 0x6, model: 0x4e, stepping: 0x3)
[    1.670126] Performance Events: unsupported p6 CPU model 78 no PMU driver, software events only.
[    1.672196] KVM setup paravirtual spinlock
[    1.686523] x86: Booting SMP configuration:
[    1.692751] .... node  #0, CPUs:      #1
[    1.720814] kvm-clock: cpu 1, msr 0:3ffe3041, secondary cpu clock
[    1.734184] mce: CPU supports 0 MCE banks
[    1.737056] x86: Booted up 1 node, 2 CPUs
[    1.744006] smpboot: Total of 2 processors activated (11231.68 BogoMIPS)
[    1.748546] devtmpfs: initialized
[    1.766564] evm: security.selinux
[    1.784150] evm: security.SMACK64
[    1.790449] evm: security.SMACK64EXEC
[    1.802728] evm: security.SMACK64TRANSMUTE
[    1.811107] evm: security.SMACK64MMAP
[    1.825793] evm: security.ima
[    1.832013] evm: security.capability
[    1.834582] clocksource: jiffies: mask: 0xffffffff max_cycles: 0xffffffff, max_idle_ns: 7645041785100000 ns
[    1.844040] futex hash table entries: 512 (order: 3, 32768 bytes)
[    1.851375] pinctrl core: initialized pinctrl subsystem
[    1.862262] RTC time: 16:07:26, date: 01/18/18
[    1.868816] NET: Registered protocol family 16
[    1.886506] cpuidle: using governor ladder
[    1.903551] cpuidle: using governor menu
[    1.904929] PCCT header not found.
[    1.906263] ACPI: bus type PCI registered
[    1.907686] acpiphp: ACPI Hot Plug PCI Controller Driver version: 0.5
[    1.910070] PCI: Using configuration type 1 for base access
[    1.932235] ACPI: Added _OSI(Module Device)
[    1.933665] ACPI: Added _OSI(Processor Device)
[    1.935158] ACPI: Added _OSI(3.0 _SCP Extensions)
[    1.936671] ACPI: Added _OSI(Processor Aggregator Device)
[    1.939282] ACPI: Executed 1 blocks of module-level executable AML code
[    1.944172] ACPI: Interpreter enabled
[    1.945648] ACPI: (supports S0 S5)
[    1.947742] ACPI: Using IOAPIC for interrupt routing
[    1.949594] PCI: Using host bridge windows from ACPI; if necessary, use "pci=nocrs" and report a bug
[    1.963229] ACPI: PCI Root Bridge [PCI0] (domain 0000 [bus 00-ff])
[    1.969139] acpi PNP0A03:00: _OSC: OS supports [ASPM ClockPM Segments MSI]
[    1.971309] acpi PNP0A03:00: _OSC: not requesting OS control; OS requires [ExtendedConfig ASPM ClockPM MSI]
[    1.974680] acpi PNP0A03:00: fail to add MMCONFIG information, can't access extended PCI configuration space under this bridge.
[    1.978625] PCI host bridge to bus 0000:00
[    1.982175] pci_bus 0000:00: root bus resource [io  0x0000-0x0cf7 window]
[    1.988967] pci_bus 0000:00: root bus resource [io  0x0d00-0xffff window]
[    1.991295] pci_bus 0000:00: root bus resource [mem 0x000a0000-0x000bffff window]
[    1.994168] pci_bus 0000:00: root bus resource [mem 0x40000000-0xfdffffff window]
[    1.996859] pci_bus 0000:00: root bus resource [bus 00-ff]
[    2.001557] pci 0000:00:01.1: legacy IDE quirk: reg 0x10: [io  0x01f0-0x01f7]
[    2.003816] pci 0000:00:01.1: legacy IDE quirk: reg 0x14: [io  0x03f6]
[    2.005905] pci 0000:00:01.1: legacy IDE quirk: reg 0x18: [io  0x0170-0x0177]
[    2.008154] pci 0000:00:01.1: legacy IDE quirk: reg 0x1c: [io  0x0376]
[    2.038505] pci 0000:00:07.0: quirk: [io  0x4000-0x403f] claimed by PIIX4 ACPI
[    2.071207] pci 0000:00:07.0: quirk: [io  0x4100-0x410f] claimed by PIIX4 SMB
[    2.125576] ACPI: PCI Interrupt Link [LNKA] (IRQs 5 9 10 *11)
[    2.169962] ACPI: PCI Interrupt Link [LNKB] (IRQs 5 9 *10 11)
[    2.196728] ACPI: PCI Interrupt Link [LNKC] (IRQs 5 *9 10 11)
[    2.213916] ACPI: PCI Interrupt Link [LNKD] (IRQs 5 9 10 *11)
[    2.244215] ACPI: Enabled 2 GPEs in block 00 to 07
[    2.247215] vgaarb: setting as boot device: PCI:0000:00:02.0
[    2.258035] vgaarb: device added: PCI:0000:00:02.0,decodes=io+mem,owns=io+mem,locks=none
[    2.383629] vgaarb: loaded
[    2.436442] vgaarb: bridge control possible 0000:00:02.0
[    2.479339] SCSI subsystem initialized
[    2.480385] ACPI: bus type USB registered
[    2.486062] usbcore: registered new interface driver usbfs
[    2.487226] usbcore: registered new interface driver hub
[    2.488340] usbcore: registered new device driver usb
[    2.492015] PCI: Using ACPI for IRQ routing
[    2.507232] NetLabel: Initializing
[    2.508055] NetLabel:  domain hash size = 128
[    2.518616] NetLabel:  protocols = UNLABELED CIPSOv4
[    2.536447] NetLabel:  unlabeled traffic allowed by default
[    2.538854] amd_nb: Cannot enumerate AMD northbridges
[    2.540185] clocksource: Switched to clocksource kvm-clock
[    2.553437] AppArmor: AppArmor Filesystem Enabled
[    2.559593] pnp: PnP ACPI init
[   2.080] pnp: PnP ACPI: found 3 devices
[  27821] ocouce api_pm: mask: 0xffffff max_cycles: 0xffffff, max_idle_ns: 2085701024 ns
[   .258] ET Registered protocol family 2

[    3.453624] TCP established hash table entries: 8192 (order: 4, 65536 bytes)
[    3.460053] TCP bind hash table entries: 8192 (order: 5, 131072 bytes)
[   3.606752] CP: Hash tables configured (established 8192 bind 8192)
[    3.668568] P hash tble entries: 512 (order: 2, 16384 bytes)
[    3.739720] UDP-Lite hash table entries: 512 (order: 2, 16384 bytes)
[    3.740949] NET: Registered protocol family 1
[    3.741849] pci 0000:00:00.: miting direct PCI/PCI transfers
[   3.812156] pci 000:00:01.0: Activating ISA DMA hang workarounds
[    3.863580] Unpacking inramfs...

[    5.843292] Freeing initrd memory: 10792K
[    5.844956] platform rtc_cmos: registered platform RTC device (no PNP device found)
[    5.847965] Scanning for low memory corruption every 60 seconds
[    5.850407] audit: initializing netlink subsys (disabled)
[    5.852359] audit: type=2000 audit(1516291652.693:1): initialized
[    5.859068] Initialise system trusted keyring
[    5.861446] HugeTLB registered 2 MB page size, pre-allocated 0 pages
[    5.865637] zbud: loaded
[    5.867004] VFS: Disk quotas dquot_6.6.0
[    5.870523] VFS: Dquot-cache hash table entries: 512 (order 0, 4096 bytes)
[    5.872927] squashfs: version 4.0 (2009/01/31) Phillip Lougher
[    5.875276] fuse init (API version 7.23)
[    5.877132] Key type big_key registered
[    5.878793] Allocating IMA MOK and blacklist keyrings.
[    5.882829] Key type asymmetric registered
[    5.886664] Asymmetric key parser 'x509' registered
[    5.888304] Block layer SCSI generic (bsg) driver version 0.4 loaded (major 249)
[    5.890911] io scheduler noop registered
[    5.892269] io scheduler deadline registered (default)
[    5.894000] io scheduler cfq registered
[    5.895475] pci_hotplug: PCI Hot Plug PCI Core version: 0.5
[    5.899858] pciehp: PCI Express Hot Plug Controller Driver version: 0.4
[    5.903539] ACPI: AC Adapter [AC] (on-line)
[    5.905118] input: Power Button as /devices/LNXSYSTM:00/LNXPWRBN:00/input/input0
[    5.907548] ACPI: Power Button [PWRF]
[    5.908989] input: Sleep Button as /devices/LNXSYSTM:00/LNXSLPBN:00/input/input1
[    5.911474] ACPI: Sleep Button [SLPF]
[    5.913092] GHES: HEST is not enabled!
[    5.913837] ACPI: Battery Slot [BAT0] (battery present)
[    5.916833] Serial: 8250/16550 driver, 32 ports, IRQ sharing enabled
[    5.941193] 00:02: ttyS0 at I/O 0x3f8 (irq = 4, base_baud = 115200) is a 16550A
[    5.947313] Linux agpgart interface v0.103
[    5.951369] loop: module loaded
[    5.953578] scsi host0: ata_piix
[    5.954973] scsi host1: ata_piix
[    5.956148] ata1: PATA max UDMA/33 cmd 0x1f0 ctl 0x3f6 bmdma 0xd000 irq 14
[    5.958250] ata2: PATA max UDMA/33 cmd 0x170 ctl 0x376 bmdma 0xd008 irq 15
[    5.961156] libphy: Fixed MDIO Bus: probed
[    5.962503] tun: Universal TUN/TAP device driver, 1.6
[    5.964377] tun: (C) 1999-2004 Max Krasnyansky <maxk@qualcomm.com>
[    5.967680] PPP generic driver version 2.4.2
[    5.969727] ehci_hcd: USB 2.0 'Enhanced' Host Controller (EHCI) Driver
[    5.970848] ehci-pci: EHCI PCI platform driver
[    5.977354] ehci-platform: EHCI generic platform driver
[    5.995502] ohci_hcd: USB 1.1 'Open' Host Controller (OHCI) Driver
[    6.012176] ohci-pci: OHCI PCI platform driver
[    6.068638] ohci-platform: OHCI generic platform driver
[    6.125807] uhci_hcd: USB Universal Host Controller Interface driver
[    6.158419] i8042: PNP: PS/2Controller [PNP030:PS2K,PNP0f03:PS2M] t 600x4 rq1,2
[    6.488672 sio i8042 KBD port at 0x60,0x64 irq 1
[  6.619947] er: 80 A port at 0x60,0x64 irq 12

[    6.873078] tsc: Refined SCloksur cibration: 2807.782 MHz

[    7.085301] clocksource: tsc: mask: 0xffffffffffffffff max_cycles: 0x2878f7f860f, max_idle_ns: 440795226021 ns
[    7.085755] mousedev: PS/2 mouse device common for all mice
[    7.086058] rtc_cmos rtc_cmos: rtc core: registered rtc_cmos as rtc0
[    7.086123] rtc_cmos rtc_cmos: alarms up to one day, 114 bytes nvram
[    7.086130] i2c /dev entries driver
[    7.086194] device-mapper: uevent: version 1.0.3
[    7.086249] device-mapper: ioctl: 4.34.0-ioctl (2015-10-28) initialised: dm-devel@redhat.com
[    7.086266] ledtrig-cpu: registered to indicate activity on CPUs
[    7.086539] NET: Registered protocol family 10
[    7.086675] NET: Registered protocol family 17
[    7.086684] Key type dns_resolver registered
[    7.277908] microcode: CPU0 sig=0x406e3, pf=0x2, revision=0x0
[    7.277932] microcode: CPU1 sig=0x406e3, pf=0x2, revision=0x0
[    7.278017] microcode: Microcode Update Driver: v2.01 <tigran@aivazian.fsnet.co.uk>, Peter Oruba
[    7.278148] registered taskstats version 1
[    7.278166] Loading compiled-in X.509 certificates
[    7.278836] Loaded X.509 cert 'Build time autogenerated kernel key: 96e61bd247bb6c4e82ca419795a98fcb171b0e99'
[    7.278855] zswap: loaded using pool lzo/zbud
[    7.280623] Key type trusted registered
[    7.283881] Key type encrypted registered
[    7.283889] AppArmor: AppArmor sha1 policy hashing enabled
[    7.283892] ima: No TPM chip found, activating TPM-bypass!
[    7.283910] evm: HMAC attrs: 0x1
[    7.284148]   Magic number: 2:84:136
[    7.315555] rtc_cmos rtc_cmos: setting system clock to 2018-01-18 16:07:31 UTC (1516291651)
[    7.315676] BIOS EDD facility v0.16 2004-Jun-25, 0 devices found
[    7.315677] EDD information not available.
[    7.349300] input: AT Translated Set 2 keyboard as /devices/platform/i8042/serio0/input/input2
[    7.687449] Freeing unused kernel memory: 1508K
[    7.729573] Write protecting the kernel read-only data: 14336k
[    7.746894] Freeing unused kernel memory: 1744K
[    7.762364] Freeing unused kernel memory: 108K
Loading, please wait...
starting version[    7.830544] random: systemd-udevd: uninitialized urandom read (16 bytes read, 5 bits of entropy available)
[    7.831903] random: udevadm: uninitialized urandom read (16 bytes read, 5 bits of entropy available)
 229
[    7.831934] random: udevadm: uninitialized urandom read (16 bytes read, 5 bits of entropy available)
[    7.841070] random: systemd-udevd: uninitialized urandom read (16 bytes read, 5 bits of entropy available)
[    7.843837] random: systemd-udevd: uninitialized urandom read (16 bytes read, 5 bits of entropy available)
[    7.846611] random: systemd-udevd: uninitialized urandom read (16 bytes read, 5 bits of entropy available)
[    7.850629] random: systemd-udevd: uninitialized urandom read (16 bytes read, 5 bits of entropy available)
[    7.853430] random: systemd-udevd: uninitialized urandom read (16 bytes read, 5 bits of entropy available)
[    7.853736] random: udevadm: uninitialized urandom read (16 bytes read, 5 bits of entropy available)
[    7.853796] random: udevadm: uninitialized urandom read (16 bytes read, 5 bits of entropy available)
[    7.962193] Fusion MPT base driver 3.04.20
[    7.963545] Copyright (c) 1999-2008 LSI Corporation
[    7.967541] e1000: Intel(R) PRO/1000 Network Driver - version 7.3.21-k8-NAPI
[    7.969536] e1000: Copyright (c) 1999-2006 Intel Corporation.
[    7.993190] AVX2 version of gcm_enc/dec engaged.
[    8.032417] AES CTR mode by8 optimization enabled
[    8.062087] Fusion MPT SPI Host driver 3.04.20
[    8.189096] input: ImExPS/2 Generic Explorer Mouse as /devices/platform/i8042/serio1/input/input4
[    8.691956] e1000 0000:00:03.0 eth0: (PCI:33MHz:32-bit) 02:38:07:4c:82:85
[    8.694218] e1000 0000:00:03.0 eth0: Intel(R) PRO/1000 Network Connection
[    8.716253] e1000 0000:00:03.0 enp0s3: renamed from eth0
[    8.717081] mptbase: ioc0: Initiating bringup
[    8.776487] ioc0: LSI53C1030 A0: Capabilities={Initiator}
[    8.937899] scsi host2: ioc0: LSI53C1030 A0, FwRev=00000000h, Ports=1, MaxQ=256, IRQ=20
[    9.066865] scsi 2:0:0:0: Direct-Access     VBOX     HARDDISK         1.0  PQ: 0 ANSI: 5
[    9.069975] scsi target2:0:0: Beginning Domain Validation
[    9.075129] scsi target2:0:0: Domain Validation skipping write tests
[    9.079624] scsi target2:0:0: Ending Domain Validation
[    9.081828] scsi target2:0:0: asynchronous
[    9.089604] scsi 2:0:1:0: Direct-Access     VBOX     HARDDISK         1.0  PQ: 0 ANSI: 5
[    9.092201] scsi target2:0:1: Beginning Domain Validation
[    9.097468] scsi target2:0:1: Domain Validation skipping write tests
[    9.099362] scsi target2:0:1: Ending Domain Validation
[    9.115472] scsi target2:0:1: asynchronous
[    9.138020] sd 2:0:0:0: Attached scsi generic sg0 type 0
[    9.139889] sd 2:0:1:0: Attached scsi generic sg1 type 0
[    9.142900] sd 2:0:1:0: [sdb] 20480 512-byte logical blocks: (10.5 MB/10.0 MiB)
[    9.144755] sd 2:0:0:0: [sda] 20971520 512-byte logical blocks: (10.7 GB/10.0 GiB)
[    9.144871] sd 2:0:0:0: [sda] Write Protect is off
[    9.144944] sd 2:0:0:0: [sda] Incomplete mode parameter data
[    9.144945] sd 2:0:0:0: [sda] Assuming drive cache: write through
[    9.152249]  sda: sda1
[    9.153143] sd 2:0:0:0: [sda] Attached SCSI disk
[    9.161934] sd 2:0:1:0: [sdb] Write Protect is off
[    9.163633] sd 2:0:1:0: [sdb] Incomplete mode parameter data
[    9.167851] sd 2:0:1:0: [sdb] Assuming drive cache: write through
[    9.180909] sd 2:0:1:0: [sdb] Attached SCSI disk
[   10.997190] floppy0: no floppy controllers found
Begin: Loading e[   12.432874] md: linear personality registered for level -1
ssential drivers ... [   12.473851] md: multipath personality registered for level -4
[   12.513929] md: raid0 personality registered for level 0
[   12.524132] md: raid1 personality registered for level 1
[   12.661275] raid6: sse2x1   gen()  8750 MB/s
[   12.732374] raid6: sse2x1   xor()  6893 MB/s
[   12.810833] raid6: sse2x2   gen() 12109 MB/s
[   12.900802] raid6: sse2x2   xor()  8249 MB/s
[   12.980790] raid6: sse2x4   gen() 13183 MB/s
[   13.070815] raid6: sse2x4   xor()  8441 MB/s
[   13.164318] raid6: avx2x1   gen() 16291 MB/s
[   13.290802] raid6: avx2x2   gen() 19591 MB/s
[   13.369983] raid6: avx2x4   gen() 20353 MB/s
[   13.393336] raid6: using algorithm avx2x4 gen() 20353 MB/s
[   13.406565] raid6: using avx2x2 recovery algorithm
[   13.408958] xor: automatically using best checksumming function:
[   13.448235]    avx       : 13665.000 MB/sec
[   13.451027] async_tx: api initialized (async)
[   13.463809] md: raid6 personality registered for level 6
[   13.471009] md: raid5 personality registered for level 5
[   13.473541] md: raid4 personality registered for level 4
[   13.486385] md: raid10 personality registered for level 10
done.
Begin: Running /scripts/init-p[   13.529196] Btrfs loaded
remount ... done.
Begin: Mounting root file system ... Begin: Running /scripts/local-top ... done.
Begin: Running /scripts/local-premount ... Scanning for Btrfs filesystems
done.
Warning: fsck no[   13.598568] EXT4-fs (sda1): INFO: recovery required on readonly filesystem
t present, so skipping root file[   13.669019] EXT4-fs (sda1): write access will be enabled during recovery
 system
[   13.721300] EXT4-fs (sda1): recovery complete
[   13.723111] EXT4-fs (sda1): mounted filesystem with ordered data mode. Opts: (null)
done.
Begin: Running /scripts/local-bottom ... done.
Begin: Running /scripts/init-bottom ... done.
[   13.888902] systemd[1]: systemd 229 running in system mode. (+PAM +AUDIT +SELINUX +IMA +APPARMOR +SMACK +SYSVINIT +UTMP +LIBCRYPTSETUP +GCRYPT +GNUTLS +ACL +XZ -LZ4 +SECCOMP +BLKID +ELFUTILS +KMOD -IDN)
[   13.978958] systemd[1]: Detected virtualization oracle.
[   13.985162] systemd[1]: Detected architecture x86-64.

Welcome to [1mUbuntu 16.04.3 LTS[0m!

[   14.011292] systemd[1]: Set hostname to <ubuntu-xenial>.
[   14.193293] systemd[1]: Listening on Syslog Socket.
[[0;32m  OK  [0m] Listening on Syslog Socket.
[   14.245348] systemd[1]: Created slice System Slice.
[[0;32m  OK  [0m] Created slice System Slice.
[   14.252482] systemd[1]: Listening on Journal Socket (/dev/log).
[[0;32m  OK  [0m] Listening on Journal Socket (/dev/log).
[   14.260414] systemd[1]: Reached target Encrypted Volumes.
[[0;32m  OK  [0m] Reached target Encrypted Volumes.
[   14.304320] systemd[1]: Started Trigger resolvconf update for networkd DNS.
[[0;32m  OK  [0m] Started Trigger resolvconf update for networkd DNS.
[   14.306842] systemd[1]: Created slice User and Session Slice.
[[0;32m  OK  [0m] Created slice User and Session Slice.
[   14.309202] systemd[1]: Created slice system-serial\x2dgetty.slice.
[[0;32m  OK  [0m] Created slice system-serial\x2dgetty.slice.
[   14.317662] systemd[1]: Listening on udev Control Socket.
[[0;32m  OK  [0m] Listening on udev Control Socket.
[   14.319673] systemd[1]: Listening on Device-mapper event daemon FIFOs.
[[0;32m  OK  [0m] Listening on Device-mapper event daemon FIFOs.
[   14.392426] systemd[1]: Reached target Slices.
[[0;32m  OK  [0m] Reached target Slices.
[   14.421309] systemd[1]: Listening on udev Kernel Socket.
[[0;32m  OK  [0m] Listening on udev Kernel Socket.
[   14.423309] systemd[1]: Started Forward Password Requests to Wall Directory Watch.
[[0;32m  OK  [0m] Started Forward Password Requests to Wall Directory Watch.
[   14.520483] systemd[1]: Listening on LVM2 poll daemon socket.
[[0;32m  OK  [0m] Listening on LVM2 poll daemon socket.
[   14.567000] systemd[1]: Reached target User and Group Name Lookups.
[[0;32m  OK  [0m] Reached target User and Group Name Lookups.
[   14.571046] systemd[1]: Listening on LVM2 metadata daemon socket.
[[0;32m  OK  [0m] Listening on LVM2 metadata daemon socket.
[ 14588487] systemd[1]: Listening on Journal Socket.
[[0;32m  OK  [0m] Listening on Journal Socket.
[   14.792361] systemd[1]: Mounting Debug File System...
         Mounting Debug F[   14.797894] random: nonblocking pool is initialized
ile System...
[   14.924473] systemd[1]: Starting Create list of required static device nodes for the current kernel...
         Starting Create list of required st... nodes for the current kernel...
[   14.951812] systemd[1]: Starting Uncomplicated firewall...
         Starting Uncomplicated firewall...
[   15.000493] systemd[1]: Starting Load Kernel Modules...
         Starting Load Kernel Modules...
[   15.027264] systemd[1]: Starting Remount Root and Kernel File Systems...
         [   15.126112] Loading iSCSI transport class v2.0-870.
Starting Remount[   15.177630] EXT4-fs (sda1): re-mounted. Opts: (null)
 Root and Kernel File Systems...
[   15.207655] systemd[1]: Starting Set console keymap...
         Starting Set console keymap...
[   15.235375] iscsi: registered transport (tcp)
[   15.236457] systemd[1]: Mounting POSIX Message Queue File System...
         Mounting POSIX Message Queue Fil[   15.283240] iscsi: registered transport (iser)
e System...
[   15.316439] systemd[1]: Starting Monitoring of LVM2 mirrors, snapshots etc. using dmeventd or progress polling...
         Starting Monitoring of LVM2 mirrors... dmeventd or progress polling...
[   15.356381] systemd[1]: Starting Nameserver information manager...
         Starting Nameserver information manager...
[   15.386252] systemd[1]: Set up automount Arbitrary Executable File Formats File System Automount Point.
[[0;32m  OK  [0m] Set up automount Arbitrary Executab...ats File System Automount Point.
[   15.397070] systemd[1]: Mounting Huge Pages File System...
         Mounting Huge Pages File System...
[   15.412785] systemd[1]: Listening on Journal Audit Socket.
[[0;32m  OK  [0m] Listening on Journal Audit Socket.
[   15.432089] systemd[1]: Starting Journal Service...
         Starting Journal Service...
[   15.472464] systemd[1]: Reached target Swap.
[[0;32m  OK  [0m] Reached target Swap.
[   15.492516] systemd[1]: Listening on /dev/initctl Compatibility Named Pipe.
[[0;32m  OK  [0m] Listening on /dev/initctl Compatibility Named Pipe.
[   15.561969] systemd[1]: Mounted POSIX Message Queue File System.
[[0;32m  OK  [0m] Mounted POSIX Message Queue File System.
[   15.584443] systemd[1]: Mounted Huge Pages File System.
[[0;32m  OK  [0m] Mounted Huge Pages File System.
[   15.611054] systemd[1]: Mounted Debug File System.
[[0;32m  OK  [0m] Mounted Debug File System.
[   15.616768] systemd[1]: Started Journal Service.
[[0;32m  OK  [0m] Started Journal Service.
[[0;32m  OK  [0m] Started Create list of required sta...ce nodes for the current kernel.
[[0;32m  OK  [0m] Started Uncomplicated firewall.
[[0;32m  OK  [0m] Started Load Kernel Modules.
[[0;32m  OK  [0m] Started Remount Root and Kernel File Systems.
[[0;32m  OK  [0m] Started Set console keymap.
[[0;32m  OK  [0m] Started Nameserver information manager.
[[0;32m  OK  [0m] Started LVM2 metadata daemon.
         Starting Initial cloud-init job (pre-networking)...
         Starting Load/Save Random Seed...
         Starting udev Coldplug all Devices...
         Mounting FUSE Control File System...
         Starting Apply Kernel Variables...
         Starting Create Static Device Nodes in /dev...
         Starting Flush Journal to Persistent Storage...
[[0;32m  OK  [0m] Mounted FUSE Control File System.
[[0;32m  OK  [0m] Started Load/Save Random Seed.
[[0;32m  OK  [0m] Started Apply Kernel Variables.
[[0;32m  OK  [0m] Started Create Static Device Nodes in /dev.
[[0;32m  OK  [0m] Started udev Coldplug all Devices.
[[0;32m  OK  [0m] Started Flush Journal to Persistent Storage.
         Starting udev Kernel Device Manager...
[[0;32m  OK  [0m] Started udev Kernel Device Manager.
[[0;32m  OK  [0m] Started Dispatch Password Requests to Console Directory Watch.
[[0;32m  OK  [0m] Found device /dev/ttyS0.
[[0;32m  OK  [0m] Started Monitoring of LVM2 mirrors,...ng dmeventd or progress polling.
[[0;32m  OK  [0m] Reached target Local File Systems (Pre).
[[0;32m  OK  [0m] Reached target Local File Systems.
         Starting Create Volatile Files and Directories...
         Starting LSB: AppArmor initialization...
         Starting Tell Plymouth To Write Out Runtime Data...
         Starting Set console font and keymap...
[[0;32m  OK  [0m] Started Create Volatile Files and Directories.
[[0;32m  OK  [0m] Started Tell Plymouth To Write Out Runtime Data.
[[0;32m  OK  [0m] Started Set console font and keymap.
[[0;32m  OK  [0m] Listening on Load/Save RF Kill Switch Status /dev/rfkill Watch.
[[0;32m  OK  [0m] Created slice system-getty.slice.
[[0;32m  OK  [0m] Reached target System Time Synchronized.
         Starting Update UTMP about System Boot/Shutdown...
[[0;32m  OK  [0m] Started LSB: AppArmor initialization.
[[0;32m  OK  [0m] Started Update UTMP about System Boot/Shutdown.
[   14.864386] cloud-init[442]: Cloud-init v. 17.1 running 'init-local' at Thu, 18 Jan 2018 16:07:40 +0000. Up 14.49 seconds.
[[0;32m  OK  [0m] Found device 82540EM Gigabit Ethern...r (PRO/1000 MT Desktop Adapter).
[[0;32m  OK  [0m] Started Initial cloud-init job (pre-networking).
[[0;32m  OK  [0m] Reached target Network (Pre).
         Starting Raise network interfaces...
[[0;32m  OK  [0m] Started ifup for enp0s3.
[[0;32m  OK  [0m] Started Raise network interfaces.
[[0;32m  OK  [0m] Reached target Network.
         Starting Initial cloud-init job (metadata service crawler)...
[   17.962348] cloud-init[974]: Cloud-init v. 17.1 running 'init' at Thu, 18 Jan 2018 16:07:43 +0000. Up 17.66 seconds.
[   17.967267] cloud-init[974]: ci-info: +++++++++++++++++++++++++++++++++++++Net device info+++++++++++++++++++++++++++++++++++++
[   17.978334] cloud-init[974]: ci-info: +--------+------+---------------------------+---------------+-------+-------------------+
[   17.980348] cloud-init[974]: ci-info: | Device |  Up  |          Address          |      Mask     | Scope |     Hw-Address    |
[   18.029823] cloud-init[974]: ci-info: +--------+------+---------------------------+---------------+-------+-------------------+
[   18.035454] cloud-init[974]: ci-info: | enp0s3 | True |         10.0.2.15         | 255.255.255.0 |   .   | 02:38:07:4c:82:85 |
[[0;32m  OK  [0m] Started Initial cloud-init job (metadata service crawler).
[[0;32m  OK  [0m] Reached target System Initialization.
[[0;32m  OK  [0m] Listening on UUID daemon activation socket.
[[0;32m  OK  [0m] Listening on ACPID Listen Socket.
[   18.040008] cloud-init[974]: ci-info: | enp0s3 | True | fe80::38:7ff:fe4c:8285/64 |       .       |  link | 02:38:07:4c:82:85 |
[   18.101413] cloud-init[974]: ci-info: |   lo   | True |         127.0.0.1         |   255.0.0.0   |   .   |         .         |
[   18.105086] cloud-init[974]: ci-info: |   lo   | True |          ::1/128          |       .       |  host |         .         |
[[0;32m  OK  [0m] Started Daily Cleanup of Temporary Directories.
[[0;32m  OK  [0m] Listening on D-Bus System Message Bus Socket.
[   18.143292] cloud-init[974]: ci-info: +--------+------+---------------------------+---------------+-------+-------------------+
[   18.185676] cloud-init[974]: ci-info: +++++++++++++++++++++++++++Route IPv4 info++++++++++++++++++++++++++++
[   18.186769] cloud-init[974]: ci-info: +-------+-------------+----------+---------------+-----------+-------+
[[0;32m  OK  [0m] Started ACPI Events Check.
[[0;32m  OK  [0m] Reached target Paths.
         Starting Socket activation for snappy daemon.
[   18.187932] cloud-init[974]: ci-info: | Route | Destination | Gateway  |    Genmask    | Interface | Flags |
         Starting LXD - unix socket.
[   18.191143] cloud-init[974]: ci-info: +-------+-------------+----------+---------------+-----------+-------+
[   18.233321] [cloud-init[0;32m  OK  [0m[974]: ] ci-info: |   0   |   0.0.0.0   | 10.0.2.2 |    0.0.0.0    |   enp0s3  |   UG  |Started Timer to automatically refresh installed snaps.

[   18.233725] [[0;32m  OK  [0m] Reached target Network is Online.
[[0;32m  OK  [0m] Started Daily apt download activities.
[[0;32m  OK  [0m] Started Daily apt upgrade and clean activities.
[[0;32m  OK  [0m] Reached target Timers.
cloud-init[974]: ci-info: |   1   |   10.0.2.0  | 0.0.0.0  | 255.255.255.0 |   enp0s3  |   U   |
[   18.239502] cloud-init[974]: ci-info: +-------+-------------+----------+---------------+-----------+-------+
         Starting iSCSI initiator daemon (iscsid)...
[[0;32m  OK  [0m] Reached target Cloud-config availability.
[[0;32m  OK  [0m] Listening on Socket activation for snappy daemon.
[[0;32m  OK  [0m] Listening on LXD - unix socket.
[[0;32m  OK  [0m] Reached target Sockets.
[[0;32m  OK  [0m] Reached target Basic System.
[[0;32m  OK  [0m] Started Regular background program processing daemon.
         Starting /etc/rc.local Compatibility...
         Starting Login Service...
         Starting LSB: Record successful boot for GRUB...
[[0;32m  OK  [0m] Started Puppet agent.
         Starting LSB: MD monitoring daemon...
         Starting Apply the settings specified in cloud-config...
         Starting vboxadd.service...
[[0;32m  OK  [0m] Started FUSE filesystem for LXC.
         Starting System Logging Service...
         Starting LXD - container startup/shutdown...
         Starting Accounts Service...
         Starting OpenBSD Secure Shell server...
[[0;32m  OK  [0m] Started Unattended Upgrades Shutdown.
[[0;32m  OK  [0m] Started D-Bus System Message Bus.
         Starting vboxadd-x11.service...
[[0;32m  OK  [0m] Started ACPI event daemon.
[[0;32m  OK  [0m] Started Deferred execution scheduler.
         Starting The Marionette Collective...
         Starting Snappy daemon...
[[0;32m  OK  [0m] Started System Logging Service.
[[0;32m  OK  [0m] Started OpenBSD Secure Shell server.
[[0;32m  OK  [0m] Started iSCSI initiator daemon (iscsid).
[[0;32m  OK  [0m] Started /etc/rc.local Compatibility.
[[0;32m  OK  [0m] Started vboxadd.service.
[[0;32m  OK  [0m] Started LXD - container startup/shutdown.
[[0;32m  OK  [0m] Started vboxadd-x11.service.
[[0;32m  OK  [0m] Started Snappy daemon.
[   19.200307] cloud-init[1051]: Cloud-init v. 17.1 running 'modules:config' at Thu, 18 Jan 2018 16:07:45 +0000. Up 18.84 seconds.
[[0;32m  OK  [0m] Started LSB: Record successful boot for GRUB.
[[0;32m  OK  [0m] Started LSB: MD monitoring daemon.
[[0;32m  OK  [0m] Started Login Service.
         Starting Authenticate and Authorize Users to Run Privileged Tasks...
         Starting vboxadd-service.service...
         Starting Login to default iSCSI targets...
[[0;32m  OK  [0m] Started Apply the settings specified in cloud-config.
[[0;32m  OK  [0m] Started vboxadd-service.service.
[[0;32m  OK  [0m] Started Login to default iSCSI targets.
[[0;32m  OK  [0m] Reached target Remote File Systems (Pre).
[[0;32m  OK  [0m] Reached target Remote File Systems.
         Starting Permit User Sessions...
         Starting LSB: automatic crash report generation...
         Starting LSB: daemon to balance interrupts for SMP systems...
         Starting LSB: Set the CPU Frequency Scaling governor to "ondemand"...
[[0;32m  OK  [0m] Started Permit User Sessions.
[[0;32m  OK  [0m] Started Authenticate and Authorize Users to Run Privileged Tasks.
[[0;32m  OK  [0m] Started Accounts Service.
         Starting Hold until boot process finishes up...
         Starting Terminate Plymouth Boot Screen...
[[0;32m  OK  [0m] Started LSB: automatic crash report generation.
[[0;32m  OK  [0m] Started LSB: daemon to balance interrupts for SMP systems.
[[0;32m  OK  [0m] Started LSB: Set the CPU Frequency Scaling governor to "ondemand".
[[0;32m  OK  [0m] Started Hold until boot process finishes up.
[[0;32m  OK  [0m] Started Terminate Plymouth Boot Screen.
         Starting Set console scheme...
[[0;32m  OK  [0m] Started Serial Getty on ttyS0.
[[0;32m  OK  [0m] Started Getty on tty1.
[[0;32m  OK  [0m] Reached target Login Prompts.
[[0;32m  OK  [0m] Started The Marionette Collective.
[[0;32m  OK  [0m] Started Set console scheme.
[[0;32m  OK  [0m] Reached target Multi-User System.
         Starting Execute cloud user/final scripts...
[[0;32m  OK  [0m] Reached target Graphical Interface.
         Starting Update UTMP about System Runlevel Changes...
[[0;32m  OK  [0m] Started Update UTMP about System Runlevel Changes.
[   20.231117] cloud-init[1288]: Cloud-init v. 17.1 running 'modules:final' at Thu, 18 Jan 2018 16:07:46 +0000. Up 20.10 seconds.
[   20.278709] cloud-init[1288]: Cloud-init v. 17.1 finished at Thu, 18 Jan 2018 16:07:46 +0000. Datasource DataSourceNoCloud [seed=/dev/sdb][dsmode=net].  Up 20.22 seconds
[[0;32m  OK  [0m] Started Execute cloud user/final scripts.
[[0;32m  OK  [0m] Reached target Cloud-init target.

Ubuntu 16.04.3 LTS ubuntu-xenial ttyS0

ubuntu-xenial login: [  815.369294] e1000 0000:00:03.0 enp0s3: Detected Tx Unit Hang
[  815.369294]   Tx Queue             <0>
[  815.369294]   TDH                  <19>
[  815.369294]   TDT                  <1b>
[  815.369294]   next_to_use          <1b>
[  815.369294]   next_to_clean        <19>
[  815.369294] buffer_info[next_to_clean]
[  815.369294]   time_stamp           <10001f2f8>
[  815.369294]   next_to_watch        <1a>
[  815.369294]   jiffies              <10001f5a4>
[  815.369294]   next_to_watch.status <0>
[  817.377349] e1000 0000:00:03.0 enp0s3: Detected Tx Unit Hang
[  817.377349]   Tx Queue             <0>
[  817.377349]   TDH                  <19>
[  817.377349]   TDT                  <1b>
[  817.377349]   next_to_use          <1b>
[  817.377349]   next_to_clean        <19>
[  817.377349] buffer_info[next_to_clean]
[  817.377349]   time_stamp           <10001f2f8>
[  817.377349]   next_to_watch        <1a>
[  817.377349]   jiffies              <10001f79a>
[  817.377349]   next_to_watch.status <0>
[  819.378632] e1000 0000:00:03.0 enp0s3: Detected Tx Unit Hang
[  819.378632]   Tx Queue             <0>
[  819.378632]   TDH                  <19>
[  819.378632]   TDT                  <1b>
[  819.378632]   next_to_use          <1b>
[  819.378632]   next_to_clean        <19>
[  819.378632] buffer_info[next_to_clean]
[  819.378632]   time_stamp           <10001f2f8>
[  819.378632]   next_to_watch        <1a>
[  819.378632]   jiffies              <10001f98f>
[  819.378632]   next_to_watch.status <0>
[  821.382490] e1000 0000:00:03.0 enp0s3: Detected Tx Unit Hang
[  821.382490]   Tx Queue             <0>
[  821.382490]   TDH                  <19>
[  821.382490]   TDT                  <1b>
[  821.382490]   next_to_use          <1b>
[  821.382490]   next_to_clean        <19>
[  821.382490] buffer_info[next_to_clean]
[  821.382490]   time_stamp           <10001f2f8>
[  821.382490]   next_to_watch        <1a>
[  821.382490]   jiffies              <10001fb84>
[  821.382490]   next_to_watch.status <0>
[  821.510570] e1000 0000:00:03.0 enp0s3: Reset adapter
